                                 Started job on |	May 20 18:54:41
                             Started mapping on |	May 20 18:54:41
                                    Finished on |	May 20 18:55:17
       Mapping speed, Million of reads per hour |	75.82

                          Number of input reads |	758192
                      Average input read length |	201
                                    UNIQUE READS:
                   Uniquely mapped reads number |	644790
                        Uniquely mapped reads % |	85.04%
                          Average mapped length |	200.20
                       Number of splices: Total |	343839
            Number of splices: Annotated (sjdb) |	0
                       Number of splices: GT/AG |	340915
                       Number of splices: GC/AG |	2046
                       Number of splices: AT/AC |	35
               Number of splices: Non-canonical |	843
                      Mismatch rate per base, % |	0.32%
                         Deletion rate per base |	0.01%
                        Deletion average length |	1.88
                        Insertion rate per base |	0.02%
                       Insertion average length |	1.29
                             MULTI-MAPPING READS:
        Number of reads mapped to multiple loci |	102434
             % of reads mapped to multiple loci |	13.51%
        Number of reads mapped to too many loci |	37
             % of reads mapped to too many loci |	0.00%
                                  UNMAPPED READS:
  Number of reads unmapped: too many mismatches |	0
       % of reads unmapped: too many mismatches |	0.00%
            Number of reads unmapped: too short |	10931
                 % of reads unmapped: too short |	1.44%
                Number of reads unmapped: other |	0
                     % of reads unmapped: other |	0.00%
                                  CHIMERIC READS:
                       Number of chimeric reads |	0
                            % of chimeric reads |	0.00%
