                                 Started job on |	May 20 13:48:44
                             Started mapping on |	May 20 13:48:44
                                    Finished on |	May 20 13:50:52
       Mapping speed, Million of reads per hour |	85.21

                          Number of input reads |	3029545
                      Average input read length |	199
                                    UNIQUE READS:
                   Uniquely mapped reads number |	2842544
                        Uniquely mapped reads % |	93.83%
                          Average mapped length |	198.89
                       Number of splices: Total |	263336
            Number of splices: Annotated (sjdb) |	0
                       Number of splices: GT/AG |	258765
                       Number of splices: GC/AG |	2860
                       Number of splices: AT/AC |	16
               Number of splices: Non-canonical |	1695
                      Mismatch rate per base, % |	0.26%
                         Deletion rate per base |	0.01%
                        Deletion average length |	1.57
                        Insertion rate per base |	0.01%
                       Insertion average length |	1.34
                             MULTI-MAPPING READS:
        Number of reads mapped to multiple loci |	119207
             % of reads mapped to multiple loci |	3.93%
        Number of reads mapped to too many loci |	684
             % of reads mapped to too many loci |	0.02%
                                  UNMAPPED READS:
  Number of reads unmapped: too many mismatches |	0
       % of reads unmapped: too many mismatches |	0.00%
            Number of reads unmapped: too short |	67108
                 % of reads unmapped: too short |	2.22%
                Number of reads unmapped: other |	2
                     % of reads unmapped: other |	0.00%
                                  CHIMERIC READS:
                       Number of chimeric reads |	0
                            % of chimeric reads |	0.00%
