                                 Started job on |	May 20 20:00:35
                             Started mapping on |	May 20 20:00:35
                                    Finished on |	May 20 20:01:18
       Mapping speed, Million of reads per hour |	82.58

                          Number of input reads |	986324
                      Average input read length |	200
                                    UNIQUE READS:
                   Uniquely mapped reads number |	811309
                        Uniquely mapped reads % |	82.26%
                          Average mapped length |	199.03
                       Number of splices: Total |	374944
            Number of splices: Annotated (sjdb) |	0
                       Number of splices: GT/AG |	371759
                       Number of splices: GC/AG |	1722
                       Number of splices: AT/AC |	19
               Number of splices: Non-canonical |	1444
                      Mismatch rate per base, % |	0.36%
                         Deletion rate per base |	0.02%
                        Deletion average length |	1.99
                        Insertion rate per base |	0.02%
                       Insertion average length |	1.44
                             MULTI-MAPPING READS:
        Number of reads mapped to multiple loci |	157061
             % of reads mapped to multiple loci |	15.92%
        Number of reads mapped to too many loci |	66
             % of reads mapped to too many loci |	0.01%
                                  UNMAPPED READS:
  Number of reads unmapped: too many mismatches |	0
       % of reads unmapped: too many mismatches |	0.00%
            Number of reads unmapped: too short |	17888
                 % of reads unmapped: too short |	1.81%
                Number of reads unmapped: other |	0
                     % of reads unmapped: other |	0.00%
                                  CHIMERIC READS:
                       Number of chimeric reads |	0
                            % of chimeric reads |	0.00%
