                                 Started job on |	May 20 14:55:34
                             Started mapping on |	May 20 14:55:35
                                    Finished on |	May 20 14:56:52
       Mapping speed, Million of reads per hour |	94.08

                          Number of input reads |	2012224
                      Average input read length |	198
                                    UNIQUE READS:
                   Uniquely mapped reads number |	1887363
                        Uniquely mapped reads % |	93.79%
                          Average mapped length |	198.51
                       Number of splices: Total |	258343
            Number of splices: Annotated (sjdb) |	0
                       Number of splices: GT/AG |	254246
                       Number of splices: GC/AG |	2562
                       Number of splices: AT/AC |	16
               Number of splices: Non-canonical |	1519
                      Mismatch rate per base, % |	0.26%
                         Deletion rate per base |	0.01%
                        Deletion average length |	1.69
                        Insertion rate per base |	0.01%
                       Insertion average length |	1.44
                             MULTI-MAPPING READS:
        Number of reads mapped to multiple loci |	103548
             % of reads mapped to multiple loci |	5.15%
        Number of reads mapped to too many loci |	868
             % of reads mapped to too many loci |	0.04%
                                  UNMAPPED READS:
  Number of reads unmapped: too many mismatches |	0
       % of reads unmapped: too many mismatches |	0.00%
            Number of reads unmapped: too short |	20445
                 % of reads unmapped: too short |	1.02%
                Number of reads unmapped: other |	0
                     % of reads unmapped: other |	0.00%
                                  CHIMERIC READS:
                       Number of chimeric reads |	0
                            % of chimeric reads |	0.00%
