                                 Started job on |	May 20 17:36:13
                             Started mapping on |	May 20 17:36:49
                                    Finished on |	May 20 17:38:51
       Mapping speed, Million of reads per hour |	137.95

                          Number of input reads |	4674880
                      Average input read length |	199
                                    UNIQUE READS:
                   Uniquely mapped reads number |	4462451
                        Uniquely mapped reads % |	95.46%
                          Average mapped length |	199.19
                       Number of splices: Total |	420264
            Number of splices: Annotated (sjdb) |	0
                       Number of splices: GT/AG |	413641
                       Number of splices: GC/AG |	4297
                       Number of splices: AT/AC |	15
               Number of splices: Non-canonical |	2311
                      Mismatch rate per base, % |	0.25%
                         Deletion rate per base |	0.01%
                        Deletion average length |	1.69
                        Insertion rate per base |	0.01%
                       Insertion average length |	1.40
                             MULTI-MAPPING READS:
        Number of reads mapped to multiple loci |	186895
             % of reads mapped to multiple loci |	4.00%
        Number of reads mapped to too many loci |	96
             % of reads mapped to too many loci |	0.00%
                                  UNMAPPED READS:
  Number of reads unmapped: too many mismatches |	0
       % of reads unmapped: too many mismatches |	0.00%
            Number of reads unmapped: too short |	25438
                 % of reads unmapped: too short |	0.54%
                Number of reads unmapped: other |	0
                     % of reads unmapped: other |	0.00%
                                  CHIMERIC READS:
                       Number of chimeric reads |	0
                            % of chimeric reads |	0.00%
