                                 Started job on |	May 20 20:31:35
                             Started mapping on |	May 20 20:32:49
                                    Finished on |	May 20 20:34:15
       Mapping speed, Million of reads per hour |	78.18

                          Number of input reads |	1867534
                      Average input read length |	240
                                    UNIQUE READS:
                   Uniquely mapped reads number |	1559988
                        Uniquely mapped reads % |	83.53%
                          Average mapped length |	240.44
                       Number of splices: Total |	506097
            Number of splices: Annotated (sjdb) |	0
                       Number of splices: GT/AG |	498995
                       Number of splices: GC/AG |	3994
                       Number of splices: AT/AC |	19
               Number of splices: Non-canonical |	3089
                      Mismatch rate per base, % |	0.36%
                         Deletion rate per base |	0.01%
                        Deletion average length |	1.74
                        Insertion rate per base |	0.01%
                       Insertion average length |	1.23
                             MULTI-MAPPING READS:
        Number of reads mapped to multiple loci |	283196
             % of reads mapped to multiple loci |	15.16%
        Number of reads mapped to too many loci |	96
             % of reads mapped to too many loci |	0.01%
                                  UNMAPPED READS:
  Number of reads unmapped: too many mismatches |	0
       % of reads unmapped: too many mismatches |	0.00%
            Number of reads unmapped: too short |	24253
                 % of reads unmapped: too short |	1.30%
                Number of reads unmapped: other |	1
                     % of reads unmapped: other |	0.00%
                                  CHIMERIC READS:
                       Number of chimeric reads |	0
                            % of chimeric reads |	0.00%
