                                 Started job on |	May 20 19:20:12
                             Started mapping on |	May 20 19:20:12
                                    Finished on |	May 20 19:21:19
       Mapping speed, Million of reads per hour |	91.56

                          Number of input reads |	1704123
                      Average input read length |	248
                                    UNIQUE READS:
                   Uniquely mapped reads number |	1430007
                        Uniquely mapped reads % |	83.91%
                          Average mapped length |	247.73
                       Number of splices: Total |	422488
            Number of splices: Annotated (sjdb) |	0
                       Number of splices: GT/AG |	414763
                       Number of splices: GC/AG |	3606
                       Number of splices: AT/AC |	37
               Number of splices: Non-canonical |	4082
                      Mismatch rate per base, % |	0.35%
                         Deletion rate per base |	0.01%
                        Deletion average length |	1.60
                        Insertion rate per base |	0.01%
                       Insertion average length |	1.26
                             MULTI-MAPPING READS:
        Number of reads mapped to multiple loci |	257651
             % of reads mapped to multiple loci |	15.12%
        Number of reads mapped to too many loci |	38
             % of reads mapped to too many loci |	0.00%
                                  UNMAPPED READS:
  Number of reads unmapped: too many mismatches |	0
       % of reads unmapped: too many mismatches |	0.00%
            Number of reads unmapped: too short |	16427
                 % of reads unmapped: too short |	0.96%
                Number of reads unmapped: other |	0
                     % of reads unmapped: other |	0.00%
                                  CHIMERIC READS:
                       Number of chimeric reads |	0
                            % of chimeric reads |	0.00%
