canu/2.0 has the useGrid option default set to useGrid=false. This can be overriden by another configuration file or a command-line option.
-- Canu 2.0
--
-- Detected Java(TM) Runtime Environment '1.8.0_151' (from '/sw/comp/java/x86_64/sun_jdk1.8.0_151/bin/java') with -d64 support.
-- Detected gnuplot version '4.6 patchlevel 2   ' (from 'gnuplot') and image format 'png'.
-- Detected 20 CPUs and 125 gigabytes of memory.
-- Detected Slurm with 'sinfo' binary in /usr/bin/sinfo.
-- Grid engine and staging disabled per useGrid=false option.
--
--                                (tag)Concurrency
--                         (tag)Threads          |
--                (tag)Memory         |          |
--        (tag)             |         |          |       total usage      algorithm
--        -------  ----------  --------   --------  --------------------  -----------------------------
-- Local: meryl     12.000 GB    4 CPUs x   5 jobs    60.000 GB  20 CPUs  (k-mer counting)
-- Local: hap        8.000 GB    4 CPUs x   5 jobs    40.000 GB  20 CPUs  (read-to-haplotype assignment)
-- Local: cormhap    6.000 GB   10 CPUs x   2 jobs    12.000 GB  20 CPUs  (overlap detection with mhap)
-- Local: obtovl     4.000 GB    5 CPUs x   4 jobs    16.000 GB  20 CPUs  (overlap detection)
-- Local: utgovl     4.000 GB    5 CPUs x   4 jobs    16.000 GB  20 CPUs  (overlap detection)
-- Local: cor        8.000 GB    4 CPUs x   5 jobs    40.000 GB  20 CPUs  (read correction)
-- Local: ovb        4.000 GB    1 CPU  x  20 jobs    80.000 GB  20 CPUs  (overlap store bucketizer)
-- Local: ovs        8.000 GB    1 CPU  x  15 jobs   120.000 GB  15 CPUs  (overlap store sorting)
-- Local: red       16.000 GB    4 CPUs x   5 jobs    80.000 GB  20 CPUs  (read error detection)
-- Local: oea        8.000 GB    1 CPU  x  15 jobs   120.000 GB  15 CPUs  (overlap error adjustment)
-- Local: bat       16.000 GB    4 CPUs x   1 job     16.000 GB   4 CPUs  (contig construction with bogart)
-- Local: cns        -.--- GB    4 CPUs x   - jobs     -.--- GB   - CPUs  (consensus)
-- Local: gfa       16.000 GB    4 CPUs x   1 job     16.000 GB   4 CPUs  (GFA alignment and processing)
-- WARNING:
-- WARNING:  Option '-pacbio-raw <files>' is deprecated.
-- WARNING:  Use option '-pacbio <files>' in the future.
-- WARNING:
--
-- Found untrimmed raw PacBio CLR reads in the input files.
--
-- Generating assembly 'durioz' in '/domus/h1/mei/genome-analysis/analyses/01_preprocessing/correction_canu':
--    - only correct raw reads.
--
-- Parameters:
--
--  genomeSize        24162007
--
--  Overlap Generation Limits:
--    corOvlErrorRate 0.2400 ( 24.00%)
--    obtOvlErrorRate 0.0450 (  4.50%)
--    utgOvlErrorRate 0.0450 (  4.50%)
--
--  Overlap Processing Limits:
--    corErrorRate    0.3000 ( 30.00%)
--    obtErrorRate    0.0450 (  4.50%)
--    utgErrorRate    0.0450 (  4.50%)
--    cnsErrorRate    0.0750 (  7.50%)
--
--
-- BEGIN CORRECTION
--
----------------------------------------
-- Starting command on Fri Apr 24 19:28:04 2020 with 19914.717 GB free disk space

    cd .
    ./durioz.seqStore.sh \
    > ./durioz.seqStore.err 2>&1

-- Finished on Fri Apr 24 19:28:46 2020 (42 seconds) with 19913.629 GB free disk space
----------------------------------------
----------------------------------------
-- Starting command on Fri Apr 24 19:28:46 2020 with 19913.623 GB free disk space

    cd .
    /sw/bioinfo/canu/2.0/rackham/Linux-amd64/bin/sqStoreDumpMetaData \
      -S ./durioz.seqStore \
      -raw \
      -histogram \
      -lengths \
    > ./durioz.seqStore/readlengths-cor.dat \
    2> ./durioz.seqStore/readlengths-cor.err 
    

-- Finished on Fri Apr 24 19:28:46 2020 (fast as lightning) with 19913.613 GB free disk space
----------------------------------------
----------------------------------------
-- Starting command on Fri Apr 24 19:28:47 2020 with 19913.518 GB free disk space

    cd .
    /sw/bioinfo/canu/2.0/rackham/Linux-amd64/bin/sqStoreDumpMetaData \
      -S ./durioz.seqStore \
      -raw \
      -histogram \
    > ./durioz.seqStore/readlengths-cor.txt \
    2> ./durioz.seqStore/readlengths-cor.err 
    

-- Finished on Fri Apr 24 19:28:47 2020 (in the blink of an eye) with 19913.51 GB free disk space
----------------------------------------
--
-- In sequence store './durioz.seqStore':
--   Found 233852 reads.
--   Found 1761712202 bases (72.91 times coverage).
--    
--    G=1761712202                       sum of  ||               length     num
--    NG         length     index       lengths  ||                range    seqs
--    ----- ------------ --------- ------------  ||  ------------------- -------
--    00010        17031      8654    176178533  ||       1000-1936        17877|-----------------------------------------------------------
--    00020        14043     20123    352354510  ||       1937-2873        18585|-------------------------------------------------------------
--    00030        12194     33625    528519280  ||       2874-3810        19330|---------------------------------------------------------------
--    00040        10811     48998    704685310  ||       3811-4747        19259|---------------------------------------------------------------
--    00050         9675     66237    880861919  ||       4748-5684        18569|-------------------------------------------------------------
--    00060         8581     85553   1057032673  ||       5685-6621        17832|-----------------------------------------------------------
--    00070         7402    107602   1233200011  ||       6622-7558        17736|----------------------------------------------------------
--    00080         6014    133858   1409373856  ||       7559-8495        17554|----------------------------------------------------------
--    00090         4289    168120   1585543046  ||       8496-9432        16758|-------------------------------------------------------
--    00100         1000    233851   1761712202  ||       9433-10369       15171|--------------------------------------------------
--    001.000x              233852   1761712202  ||      10370-11306       12418|-----------------------------------------
--                                               ||      11307-12243        9582|--------------------------------
--                                               ||      12244-13180        7519|-------------------------
--                                               ||      13181-14117        5955|--------------------
--                                               ||      14118-15054        4450|---------------
--                                               ||      15055-15991        3504|------------
--                                               ||      15992-16928        2837|----------
--                                               ||      16929-17865        2166|--------
--                                               ||      17866-18802        1644|------
--                                               ||      18803-19739        1278|-----
--                                               ||      19740-20676         981|----
--                                               ||      20677-21613         700|---
--                                               ||      21614-22550         518|--
--                                               ||      22551-23487         375|--
--                                               ||      23488-24424         306|-
--                                               ||      24425-25361         225|-
--                                               ||      25362-26298         165|-
--                                               ||      26299-27235         138|-
--                                               ||      27236-28172         110|-
--                                               ||      28173-29109          69|-
--                                               ||      29110-30046          71|-
--                                               ||      30047-30983          40|-
--                                               ||      30984-31920          40|-
--                                               ||      31921-32857          26|-
--                                               ||      32858-33794          16|-
--                                               ||      33795-34731          14|-
--                                               ||      34732-35668          12|-
--                                               ||      35669-36605           3|-
--                                               ||      36606-37542           6|-
--                                               ||      37543-38479           3|-
--                                               ||      38480-39416           4|-
--                                               ||      39417-40353           2|-
--                                               ||      40354-41290           0|
--                                               ||      41291-42227           0|
--                                               ||      42228-43164           2|-
--                                               ||      43165-44101           1|-
--                                               ||      44102-45038           0|
--                                               ||      45039-45975           0|
--                                               ||      45976-46912           0|
--                                               ||      46913-47849           1|-
--    
-- New report created.
----------------------------------------
-- Starting command on Fri Apr 24 19:28:47 2020 with 19913.507 GB free disk space

    cd correction/0-mercounts
    ./meryl-configure.sh \
    > ./meryl-configure.err 2>&1

-- Finished on Fri Apr 24 19:28:47 2020 (fast as lightning) with 19913.495 GB free disk space
----------------------------------------
--  segments   memory batches
--  -------- -------- -------
--        01  4.00 GB       1
--        02  2.00 GB       1
--        04  1.19 GB       1
--        06  0.81 GB       1
--        08  0.62 GB       1
--        12  0.44 GB       1
--        16  0.31 GB       1
--
--  For 233852 reads with 1761712202 bases, limit to 17 batches.
--  Will count kmers using 01 jobs, each using 6 GB and 4 threads.
--
-- Report changed.
-- Finished stage 'merylConfigure', reset canuIteration.
-- No change in report.
--
-- Running jobs.  First attempt out of 2.
----------------------------------------
-- Starting 'meryl' concurrent execution on Fri Apr 24 19:28:47 2020 with 19913.495 GB free disk space (1 processes; 5 concurrently)

    cd correction/0-mercounts
    ./meryl-count.sh 1 > ./meryl-count.000001.out 2>&1

-- Finished on Fri Apr 24 19:32:04 2020 (197 seconds) with 19909.359 GB free disk space
----------------------------------------
-- Found 1 Kmer counting (meryl) outputs.
-- No change in report.
-- Finished stage 'cor-merylCountCheck', reset canuIteration.
-- No change in report.
--
-- Running jobs.  First attempt out of 2.
----------------------------------------
-- Starting 'meryl' concurrent execution on Fri Apr 24 19:32:04 2020 with 19909.359 GB free disk space (1 processes; 5 concurrently)

    cd correction/0-mercounts
    ./meryl-process.sh 1 > ./meryl-process.000001.out 2>&1

-- Finished on Fri Apr 24 19:33:03 2020 (59 seconds) with 19907.113 GB free disk space
----------------------------------------
-- Meryl finished successfully.  Kmer frequency histogram:
--
--  16-mers                                                                                           Fraction
--    Occurrences   NumMers                                                                         Unique Total
--       1-     1         0                                                                        0.0000 0.0000
--       2-     2 111976142 ********************************************************************** 0.4552 0.1613
--       3-     4  70335145 *******************************************                            0.6441 0.2617
--       5-     7  30256714 ******************                                                     0.7987 0.3815
--       8-    11  15252319 *********                                                              0.8850 0.4855
--      12-    16   8173593 *****                                                                  0.9353 0.5770
--      17-    22   3989367 **                                                                     0.9632 0.6493
--      23-    29   2042160 *                                                                      0.9772 0.6992
--      30-    37   1146308                                                                        0.9846 0.7342
--      38-    46    708146                                                                        0.9889 0.7602
--      47-    56    484727                                                                        0.9916 0.7807
--      57-    67    355532                                                                        0.9935 0.7981
--      68-    79    264003                                                                        0.9949 0.8136
--      80-    92    197610                                                                        0.9960 0.8273
--      93-   106    148888                                                                        0.9968 0.8393
--     107-   121    114703                                                                        0.9973 0.8497
--     122-   137     90164                                                                        0.9978 0.8590
--     138-   154     71953                                                                        0.9982 0.8673
--     155-   172     58112                                                                        0.9984 0.8748
--     173-   191     47609                                                                        0.9987 0.8816
--     192-   211     39581                                                                        0.9989 0.8877
--     212-   232     32685                                                                        0.9990 0.8934
--     233-   254     27057                                                                        0.9992 0.8986
--     255-   277     21569                                                                        0.9993 0.9033
--     278-   301     17136                                                                        0.9994 0.9074
--     302-   326     14233                                                                        0.9994 0.9109
--     327-   352     11999                                                                        0.9995 0.9141
--     353-   379     10604                                                                        0.9995 0.9171
--     380-   407      9332                                                                        0.9996 0.9198
--     408-   436      8288                                                                        0.9996 0.9225
--     437-   466      7421                                                                        0.9996 0.9250
--     467-   497      6593                                                                        0.9997 0.9274
--     498-   529      6018                                                                        0.9997 0.9297
--     530-   562      5396                                                                        0.9997 0.9319
--     563-   596      4715                                                                        0.9997 0.9340
--     597-   631      4390                                                                        0.9998 0.9360
--     632-   667      3857                                                                        0.9998 0.9379
--     668-   704      3246                                                                        0.9998 0.9397
--     705-   742      3194                                                                        0.9998 0.9413
--     743-   781      2789                                                                        0.9998 0.9430
--     782-   821      2575                                                                        0.9998 0.9445
--
--           0 (max occurrences)
--  1388336894 (total mers, non-unique)
--   245993316 (distinct mers, non-unique)
--           0 (unique mers)
-- Report changed.
-- Finished stage 'meryl-process', reset canuIteration.
--
-- Removing meryl database 'correction/0-mercounts/durioz.ms16'.
--
-- OVERLAPPER (mhap) (correction)
--
-- Set corMhapSensitivity=low based on read coverage of 72.
--
-- PARAMETERS: hashes=256, minMatches=3, threshold=0.8
--
-- Given 5.4 GB, can fit 16200 reads per block.
-- For 16 blocks, set stride to 4 blocks.
-- Logging partitioning to 'correction/1-overlapper/partitioning.log'.
-- Configured 15 mhap precompute jobs.
-- Configured 33 mhap overlap jobs.
-- No change in report.
-- Finished stage 'cor-mhapConfigure', reset canuIteration.
-- No change in report.
--
-- Running jobs.  First attempt out of 2.
----------------------------------------
-- Starting 'cormhap' concurrent execution on Fri Apr 24 19:33:04 2020 with 19907.104 GB free disk space (15 processes; 2 concurrently)

    cd correction/1-overlapper
    ./precompute.sh 1 > ./precompute.000001.out 2>&1
    ./precompute.sh 2 > ./precompute.000002.out 2>&1
    ./precompute.sh 3 > ./precompute.000003.out 2>&1
    ./precompute.sh 4 > ./precompute.000004.out 2>&1
    ./precompute.sh 5 > ./precompute.000005.out 2>&1
    ./precompute.sh 6 > ./precompute.000006.out 2>&1
    ./precompute.sh 7 > ./precompute.000007.out 2>&1
    ./precompute.sh 8 > ./precompute.000008.out 2>&1
    ./precompute.sh 9 > ./precompute.000009.out 2>&1
    ./precompute.sh 10 > ./precompute.000010.out 2>&1
    ./precompute.sh 11 > ./precompute.000011.out 2>&1
    ./precompute.sh 12 > ./precompute.000012.out 2>&1
    ./precompute.sh 13 > ./precompute.000013.out 2>&1
    ./precompute.sh 14 > ./precompute.000014.out 2>&1
    ./precompute.sh 15 > ./precompute.000015.out 2>&1

-- Finished on Fri Apr 24 21:24:12 2020 (6668 seconds) with 19831.403 GB free disk space
----------------------------------------
-- All 15 mhap precompute jobs finished successfully.
-- No change in report.
-- Finished stage 'cor-mhapPrecomputeCheck', reset canuIteration.
-- No change in report.
--
-- Running jobs.  First attempt out of 2.
----------------------------------------
-- Starting 'cormhap' concurrent execution on Fri Apr 24 21:24:12 2020 with 19831.403 GB free disk space (33 processes; 2 concurrently)

    cd correction/1-overlapper
    ./mhap.sh 1 > ./mhap.000001.out 2>&1
    ./mhap.sh 2 > ./mhap.000002.out 2>&1
    ./mhap.sh 3 > ./mhap.000003.out 2>&1
    ./mhap.sh 4 > ./mhap.000004.out 2>&1
    ./mhap.sh 5 > ./mhap.000005.out 2>&1
    ./mhap.sh 6 > ./mhap.000006.out 2>&1
    ./mhap.sh 7 > ./mhap.000007.out 2>&1
    ./mhap.sh 8 > ./mhap.000008.out 2>&1
    ./mhap.sh 9 > ./mhap.000009.out 2>&1
    ./mhap.sh 10 > ./mhap.000010.out 2>&1
    ./mhap.sh 11 > ./mhap.000011.out 2>&1
    ./mhap.sh 12 > ./mhap.000012.out 2>&1
    ./mhap.sh 13 > ./mhap.000013.out 2>&1
    ./mhap.sh 14 > ./mhap.000014.out 2>&1
    ./mhap.sh 15 > ./mhap.000015.out 2>&1
    ./mhap.sh 16 > ./mhap.000016.out 2>&1
    ./mhap.sh 17 > ./mhap.000017.out 2>&1
    ./mhap.sh 18 > ./mhap.000018.out 2>&1
    ./mhap.sh 19 > ./mhap.000019.out 2>&1
    ./mhap.sh 20 > ./mhap.000020.out 2>&1
    ./mhap.sh 21 > ./mhap.000021.out 2>&1
    ./mhap.sh 22 > ./mhap.000022.out 2>&1
    ./mhap.sh 23 > ./mhap.000023.out 2>&1
    ./mhap.sh 24 > ./mhap.000024.out 2>&1
    ./mhap.sh 25 > ./mhap.000025.out 2>&1
    ./mhap.sh 26 > ./mhap.000026.out 2>&1
    ./mhap.sh 27 > ./mhap.000027.out 2>&1
    ./mhap.sh 28 > ./mhap.000028.out 2>&1
    ./mhap.sh 29 > ./mhap.000029.out 2>&1
    ./mhap.sh 30 > ./mhap.000030.out 2>&1
    ./mhap.sh 31 > ./mhap.000031.out 2>&1
    ./mhap.sh 32 > ./mhap.000032.out 2>&1
    ./mhap.sh 33 > ./mhap.000033.out 2>&1

-- Finished on Fri Apr 24 22:18:22 2020 (3250 seconds) with 19805.866 GB free disk space
----------------------------------------
-- Found 33 mhap overlap output files.
-- No change in report.
-- Finished stage 'cor-mhapCheck', reset canuIteration.
----------------------------------------
-- Starting command on Fri Apr 24 22:18:22 2020 with 19805.865 GB free disk space

    cd correction
    /sw/bioinfo/canu/2.0/rackham/Linux-amd64/bin/ovStoreConfig \
     -S ../durioz.seqStore \
     -M 4-8 \
     -L ./1-overlapper/ovljob.files \
     -create ./durioz.ovlStore.config \
     > ./durioz.ovlStore.config.txt \
    2> ./durioz.ovlStore.config.err

-- Finished on Fri Apr 24 22:18:22 2020 (like a bat out of hell) with 19805.865 GB free disk space
----------------------------------------
--
-- Creating overlap store correction/durioz.ovlStore using:
--      2 buckets
--      2 slices
--        using at most 7 GB memory each
-- No change in report.
-- Finished stage 'cor-overlapStoreConfigure', reset canuIteration.
-- No change in report.
--
-- Running jobs.  First attempt out of 2.
----------------------------------------
-- Starting 'ovB' concurrent execution on Fri Apr 24 22:18:22 2020 with 19805.865 GB free disk space (2 processes; 20 concurrently)

    cd correction/durioz.ovlStore.BUILDING
    ./scripts/1-bucketize.sh 1 > ./logs/1-bucketize.000001.out 2>&1
    ./scripts/1-bucketize.sh 2 > ./logs/1-bucketize.000002.out 2>&1

-- Finished on Fri Apr 24 22:19:18 2020 (56 seconds) with 19801.671 GB free disk space
----------------------------------------
-- Overlap store bucketizer finished.
-- No change in report.
-- Finished stage 'cor-overlapStoreBucketizerCheck', reset canuIteration.
-- No change in report.
--
-- Running jobs.  First attempt out of 2.
----------------------------------------
-- Starting 'ovS' concurrent execution on Fri Apr 24 22:19:18 2020 with 19801.671 GB free disk space (2 processes; 15 concurrently)

    cd correction/durioz.ovlStore.BUILDING
    ./scripts/2-sort.sh 1 > ./logs/2-sort.000001.out 2>&1
    ./scripts/2-sort.sh 2 > ./logs/2-sort.000002.out 2>&1

-- Finished on Fri Apr 24 22:21:27 2020 (129 seconds) with 19796.825 GB free disk space
----------------------------------------
-- Overlap store sorter finished.
-- No change in report.
-- Finished stage 'cor-overlapStoreSorterCheck', reset canuIteration.
----------------------------------------
-- Starting command on Fri Apr 24 22:21:27 2020 with 19796.825 GB free disk space

    cd correction
    /sw/bioinfo/canu/2.0/rackham/Linux-amd64/bin/ovStoreIndexer \
      -O  ./durioz.ovlStore.BUILDING \
      -S ../durioz.seqStore \
      -C  ./durioz.ovlStore.config \
      -delete \
    > ./durioz.ovlStore.BUILDING.index.err 2>&1

-- Finished on Fri Apr 24 22:21:28 2020 (one second) with 19796.797 GB free disk space
----------------------------------------
-- Checking store.
----------------------------------------
-- Starting command on Fri Apr 24 22:21:28 2020 with 19796.794 GB free disk space

    cd correction
    /sw/bioinfo/canu/2.0/rackham/Linux-amd64/bin/ovStoreDump \
     -S ../durioz.seqStore \
     -O  ./durioz.ovlStore \
     -counts \
     > ./durioz.ovlStore/counts.dat 2> ./durioz.ovlStore/counts.err

-- Finished on Fri Apr 24 22:21:28 2020 (in the blink of an eye) with 19796.777 GB free disk space
----------------------------------------
--
-- Overlap store 'correction/durioz.ovlStore' successfully constructed.
-- Found 244273606 overlaps for 217540 reads; 16312 reads have no overlaps.
--
--
-- Purged 6.123 GB in 81 overlap output files.
-- No change in report.
-- Finished stage 'cor-createOverlapStore', reset canuIteration.
-- Set corMinCoverage=4 based on read coverage of 72.
-- Global filter scores will be estimated.
-- Computing correction layouts.
----------------------------------------
-- Starting command on Fri Apr 24 22:21:30 2020 with 19796.717 GB free disk space

    cd correction
    /sw/bioinfo/canu/2.0/rackham/Linux-amd64/bin/generateCorrectionLayouts \
      -S ../durioz.seqStore \
      -O  ./durioz.ovlStore \
      -C  ./durioz.corStore.WORKING \
      -eC 80 \
    > ./durioz.corStore.err 2>&1

-- Finished on Fri Apr 24 22:21:44 2020 (14 seconds) with 19796.528 GB free disk space
----------------------------------------
-- No change in report.
-- Finished stage 'cor-buildCorrectionLayoutsConfigure', reset canuIteration.
-- Computing correction layouts.
----------------------------------------
-- Starting command on Fri Apr 24 22:21:44 2020 with 19796.528 GB free disk space

    cd correction/2-correction
    /sw/bioinfo/canu/2.0/rackham/Linux-amd64/bin/filterCorrectionLayouts \
      -S  ../../durioz.seqStore \
      -C     ../durioz.corStore \
      -R      ./durioz.readsToCorrect.WORKING \
      -cc 4 \
      -cl 1000 \
      -g  24162007 \
      -c  40 \
    > ./durioz.readsToCorrect.err 2>&1

-- Finished on Fri Apr 24 22:21:46 2020 (2 seconds) with 19796.511 GB free disk space
----------------------------------------
--                             original      original
--                            raw reads     raw reads
--   category                w/overlaps  w/o/overlaps
--   -------------------- ------------- -------------
--   Number of Reads             201100         32752
--   Number of Bases         1535285178     109708050
--   Coverage                    63.541         4.541
--   Median                        7074          1041
--   Mean                          7634          3349
--   N50                           9734          8781
--   Minimum                       1000             0
--   Maximum                      42756         35263
--   
--                                        --------corrected---------  ----------rescued----------
--                             evidence                     expected                     expected
--   category                     reads            raw     corrected            raw     corrected
--   -------------------- -------------  ------------- -------------  ------------- -------------
--   Number of Reads             207335         107978        107978            798           798
--   Number of Bases         1583628766     1060399411     966480749        3819104       1621483
--   Coverage                    65.542         43.887        40.000          0.158         0.067
--   Median                        7061           9122          8291           3322          1860
--   Mean                          7638           9820          8950           4785          2031
--   N50                           9707          10552          9707           7980          2253
--   Minimum                       1000           4148          4142           1014          1001
--   Maximum                      42756          42756         34619          22148          4138
--   
--                        --------uncorrected--------
--                                           expected
--   category                       raw     corrected
--   -------------------- ------------- -------------
--   Number of Reads             125076        125076
--   Number of Bases          580774713     112532602
--   Coverage                    24.037         4.657
--   Median                        3593             0
--   Mean                          4643           899
--   N50                           7302          2977
--   Minimum                          0             0
--   Maximum                      39241         35562
--   
--   Maximum Memory           909110126
-- Report changed.
-- Finished stage 'cor-filterCorrectionLayouts', reset canuIteration.
-- Using overlaps no worse than 0.3 fraction error for correcting reads (from corErrorRate parameter).
--
-- Configuring correction jobs:
--   Jobs limited to 8 GB per job (via option corMemory).
--   Reads estimated to need at most 1 GB for computation.
--   Leaving 7 GB memory for read data.
----------------------------------------
-- Starting command on Fri Apr 24 22:21:46 2020 with 19796.511 GB free disk space

    cd correction/2-correction
    ./correctReadsPartition.sh \
    > ./correctReadsPartition.err 2>&1

-- Finished on Fri Apr 24 22:21:47 2020 (one second) with 19796.511 GB free disk space
----------------------------------------
-- Using overlaps no worse than 0.3 fraction error for correcting reads (from corErrorRate parameter).
-- No change in report.
-- Finished stage 'cor-generateCorrectedReadsConfigure', reset canuIteration.
-- No change in report.
--
-- Running jobs.  First attempt out of 2.
----------------------------------------
-- Starting 'cor' concurrent execution on Fri Apr 24 22:21:47 2020 with 19796.511 GB free disk space (11 processes; 5 concurrently)

    cd correction/2-correction
    ./correctReads.sh 1 > ./correctReads.000001.out 2>&1
    ./correctReads.sh 2 > ./correctReads.000002.out 2>&1
    ./correctReads.sh 3 > ./correctReads.000003.out 2>&1
    ./correctReads.sh 4 > ./correctReads.000004.out 2>&1
    ./correctReads.sh 5 > ./correctReads.000005.out 2>&1
    ./correctReads.sh 6 > ./correctReads.000006.out 2>&1
    ./correctReads.sh 7 > ./correctReads.000007.out 2>&1
    ./correctReads.sh 8 > ./correctReads.000008.out 2>&1
    ./correctReads.sh 9 > ./correctReads.000009.out 2>&1
    ./correctReads.sh 10 > ./correctReads.000010.out 2>&1
    ./correctReads.sh 11 > ./correctReads.000011.out 2>&1

-- Finished on Sat Apr 25 01:15:44 2020 (10437 seconds) with 20025.21 GB free disk space
----------------------------------------
-- Found 11 read correction output files.
-- No change in report.
-- Finished stage 'cor-generateCorrectedReadsCheck', reset canuIteration.
-- Found 11 read correction output files.
-- No change in report.
-- Finished stage 'cor-generateCorrectedReadsCheck', reset canuIteration.
--
-- Loading corrected reads into corStore and seqStore.
----------------------------------------
-- Starting command on Sat Apr 25 01:15:44 2020 with 20025.21 GB free disk space

    cd correction
    /sw/bioinfo/canu/2.0/rackham/Linux-amd64/bin/loadCorrectedReads \
      -S ../durioz.seqStore \
      -C ./durioz.corStore \
      -L ./2-correction/corjob.files \
    >  ./durioz.loadCorrectedReads.log \
    2> ./durioz.loadCorrectedReads.err

-- Finished on Sat Apr 25 01:16:05 2020 (21 seconds) with 20024.741 GB free disk space
----------------------------------------
----------------------------------------
-- Starting command on Sat Apr 25 01:16:05 2020 with 20024.741 GB free disk space

    cd .
    /sw/bioinfo/canu/2.0/rackham/Linux-amd64/bin/sqStoreDumpMetaData \
      -S ./durioz.seqStore \
      -corrected \
      -histogram \
      -lengths \
    > ./durioz.seqStore/readlengths-obt.dat \
    2> ./durioz.seqStore/readlengths-obt.err 
    

-- Finished on Sat Apr 25 01:16:05 2020 (furiously fast) with 20024.74 GB free disk space
----------------------------------------
----------------------------------------
-- Starting command on Sat Apr 25 01:16:06 2020 with 20024.74 GB free disk space

    cd .
    /sw/bioinfo/canu/2.0/rackham/Linux-amd64/bin/sqStoreDumpMetaData \
      -S ./durioz.seqStore \
      -corrected \
      -histogram \
    > ./durioz.seqStore/readlengths-obt.txt \
    2> ./durioz.seqStore/readlengths-obt.err 
    

-- Finished on Sat Apr 25 01:16:06 2020 (in the blink of an eye) with 20024.74 GB free disk space
----------------------------------------
--
-- In sequence store './durioz.seqStore':
--   Found 102881 reads.
--   Found 843702523 bases (34.91 times coverage).
--    
--    G=843702523                        sum of  ||               length     num
--    NG         length     index       lengths  ||                range    seqs
--    ----- ------------ --------- ------------  ||  ------------------- -------
--    00010        15323      4683     84381467  ||          5-660           350|---
--    00020        12806     10754    168741913  ||        661-1316          783|------
--    00030        11252     17804    253113035  ||       1317-1972          950|--------
--    00040        10123     25727    337483092  ||       1973-2628          899|-------
--    00050         9202     34474    421857189  ||       2629-3284          998|--------
--    00060         8310     44119    506226127  ||       3285-3940         1833|--------------
--    00070         7384     54875    590592238  ||       3941-4596         7824|-----------------------------------------------------------
--    00080         6374     67138    674963327  ||       4597-5252         8490|---------------------------------------------------------------
--    00090         5169     81768    759332959  ||       5253-5908         8080|------------------------------------------------------------
--    00100            5    102880    843702523  ||       5909-6564         7833|-----------------------------------------------------------
--    001.000x              102881    843702523  ||       6565-7220         7930|-----------------------------------------------------------
--                                               ||       7221-7876         7817|-----------------------------------------------------------
--                                               ||       7877-8532         7504|--------------------------------------------------------
--                                               ||       8533-9188         6977|----------------------------------------------------
--                                               ||       9189-9844         6459|------------------------------------------------
--                                               ||       9845-10500        5455|-----------------------------------------
--                                               ||      10501-11156        4346|---------------------------------
--                                               ||      11157-11812        3489|--------------------------
--                                               ||      11813-12468        2820|---------------------
--                                               ||      12469-13124        2348|------------------
--                                               ||      13125-13780        1897|---------------
--                                               ||      13781-14436        1552|------------
--                                               ||      14437-15092        1175|---------
--                                               ||      15093-15748        1029|--------
--                                               ||      15749-16404         843|-------
--                                               ||      16405-17060         691|------
--                                               ||      17061-17716         538|----
--                                               ||      17717-18372         423|----
--                                               ||      18373-19028         352|---
--                                               ||      19029-19684         262|--
--                                               ||      19685-20340         222|--
--                                               ||      20341-20996         169|--
--                                               ||      20997-21652         123|-
--                                               ||      21653-22308          90|-
--                                               ||      22309-22964          67|-
--                                               ||      22965-23620          52|-
--                                               ||      23621-24276          51|-
--                                               ||      24277-24932          39|-
--                                               ||      24933-25588          31|-
--                                               ||      25589-26244          19|-
--                                               ||      26245-26900          23|-
--                                               ||      26901-27556           9|-
--                                               ||      27557-28212          13|-
--                                               ||      28213-28868           8|-
--                                               ||      28869-29524           5|-
--                                               ||      29525-30180           5|-
--                                               ||      30181-30836           1|-
--                                               ||      30837-31492           0|
--                                               ||      31493-32148           4|-
--                                               ||      32149-32804           3|-
--    
--
-- Purging correctReads output after loading into stores.
-- Purged 11 .cns outputs.
-- Purged 22 .out job log outputs.
--
-- Purging overlaps used for correction.
-- Report changed.
-- Finished stage 'cor-loadCorrectedReads', reset canuIteration.
----------------------------------------
-- Starting command on Sat Apr 25 01:16:07 2020 with 20024.68 GB free disk space

    cd .
    /sw/bioinfo/canu/2.0/rackham/Linux-amd64/bin/sqStoreDumpFASTQ \
      -corrected \
      -S ./durioz.seqStore \
      -o ./durioz.correctedReads.gz \
      -fasta \
      -nolibname \
    > durioz.correctedReads.fasta.err 2>&1

-- Finished on Sat Apr 25 01:16:28 2020 (21 seconds) with 20024.292 GB free disk space
----------------------------------------
--
-- Corrected reads saved in 'durioz.correctedReads.fasta.gz'.
-- No change in report.
-- Finished stage 'cor-dumpCorrectedReads', reset canuIteration.
--
-- Bye.
-- Canu 2.0
--
-- Detected Java(TM) Runtime Environment '1.8.0_151' (from '/sw/comp/java/x86_64/sun_jdk1.8.0_151/bin/java') with -d64 support.
-- Detected gnuplot version '4.6 patchlevel 2   ' (from 'gnuplot') and image format 'png'.
-- Detected 20 CPUs and 125 gigabytes of memory.
-- Detected Slurm with 'sinfo' binary in /usr/bin/sinfo.
-- Grid engine and staging disabled per useGrid=false option.
--
--                                (tag)Concurrency
--                         (tag)Threads          |
--                (tag)Memory         |          |
--        (tag)             |         |          |       total usage      algorithm
--        -------  ----------  --------   --------  --------------------  -----------------------------
-- Local: meryl     12.000 GB    4 CPUs x   5 jobs    60.000 GB  20 CPUs  (k-mer counting)
-- Local: hap        8.000 GB    4 CPUs x   5 jobs    40.000 GB  20 CPUs  (read-to-haplotype assignment)
-- Local: cormhap    6.000 GB   10 CPUs x   2 jobs    12.000 GB  20 CPUs  (overlap detection with mhap)
-- Local: obtovl     4.000 GB    5 CPUs x   4 jobs    16.000 GB  20 CPUs  (overlap detection)
-- Local: utgovl     4.000 GB    5 CPUs x   4 jobs    16.000 GB  20 CPUs  (overlap detection)
-- Local: cor        8.000 GB    4 CPUs x   5 jobs    40.000 GB  20 CPUs  (read correction)
-- Local: ovb        4.000 GB    1 CPU  x  20 jobs    80.000 GB  20 CPUs  (overlap store bucketizer)
-- Local: ovs        8.000 GB    1 CPU  x  15 jobs   120.000 GB  15 CPUs  (overlap store sorting)
-- Local: red       16.000 GB    4 CPUs x   5 jobs    80.000 GB  20 CPUs  (read error detection)
-- Local: oea        8.000 GB    1 CPU  x  15 jobs   120.000 GB  15 CPUs  (overlap error adjustment)
-- Local: bat       16.000 GB    4 CPUs x   1 job     16.000 GB   4 CPUs  (contig construction with bogart)
-- Local: cns        -.--- GB    4 CPUs x   - jobs     -.--- GB   - CPUs  (consensus)
-- Local: gfa       16.000 GB    4 CPUs x   1 job     16.000 GB   4 CPUs  (GFA alignment and processing)
--
-- In 'durioz.seqStore', found PacBio CLR reads:
--   PacBio CLR:               1
--
--   Raw:                      1
--   Corrected:                1
--
-- Generating assembly 'durioz' in '/domus/h1/mei/genome-analysis/analyses/01_preprocessing/correction_canu':
--    - only trim corrected reads.
--
-- Parameters:
--
--  genomeSize        24162007
--
--  Overlap Generation Limits:
--    corOvlErrorRate 0.2400 ( 24.00%)
--    obtOvlErrorRate 0.0450 (  4.50%)
--    utgOvlErrorRate 0.0450 (  4.50%)
--
--  Overlap Processing Limits:
--    corErrorRate    0.3000 ( 30.00%)
--    obtErrorRate    0.0450 (  4.50%)
--    utgErrorRate    0.0450 (  4.50%)
--    cnsErrorRate    0.0750 (  7.50%)
--
--
-- BEGIN TRIMMING
--
-- No change in report.
----------------------------------------
-- Starting command on Sat Apr 25 01:16:28 2020 with 20024.292 GB free disk space

    cd trimming/0-mercounts
    ./meryl-configure.sh \
    > ./meryl-configure.err 2>&1

-- Finished on Sat Apr 25 01:16:28 2020 (like a bat out of hell) with 20024.291 GB free disk space
----------------------------------------
--  segments   memory batches
--  -------- -------- -------
--        01  3.00 GB       1
--        02  1.69 GB       1
--        04  0.88 GB       1
--        06  0.56 GB       1
--        08  0.44 GB       1
--
--  For 102881 reads with 843702523 bases, limit to 8 batches.
--  Will count kmers using 01 jobs, each using 5 GB and 4 threads.
--
-- No change in report.
-- Finished stage 'merylConfigure', reset canuIteration.
-- No change in report.
--
-- Running jobs.  First attempt out of 2.
----------------------------------------
-- Starting 'meryl' concurrent execution on Sat Apr 25 01:16:29 2020 with 20024.291 GB free disk space (1 processes; 5 concurrently)

    cd trimming/0-mercounts
    ./meryl-count.sh 1 > ./meryl-count.000001.out 2>&1

-- Finished on Sat Apr 25 01:18:14 2020 (105 seconds) with 20023.524 GB free disk space
----------------------------------------
-- Found 1 Kmer counting (meryl) outputs.
-- No change in report.
-- Finished stage 'obt-merylCountCheck', reset canuIteration.
-- No change in report.
--
-- Running jobs.  First attempt out of 2.
----------------------------------------
-- Starting 'meryl' concurrent execution on Sat Apr 25 01:18:14 2020 with 20023.524 GB free disk space (1 processes; 5 concurrently)

    cd trimming/0-mercounts
    ./meryl-process.sh 1 > ./meryl-process.000001.out 2>&1

-- Finished on Sat Apr 25 01:18:48 2020 (34 seconds) with 20023.117 GB free disk space
----------------------------------------
-- Meryl finished successfully.  Kmer frequency histogram:
--
--  22-mers                                                                                           Fraction
--    Occurrences   NumMers                                                                         Unique Total
--       1-     1         0                                                                        0.0000 0.0000
--       2-     2   7662201 ********************************************************************** 0.1925 0.0195
--       3-     4   5460145 *************************************************                      0.2780 0.0325
--       5-     7   3871675 ***********************************                                    0.3703 0.0532
--       8-    11   2933371 **************************                                             0.4485 0.0804
--      12-    16   2979342 ***************************                                            0.5161 0.1160
--      17-    22   3959129 ************************************                                   0.5910 0.1729
--      23-    29   5141245 **********************************************                         0.6935 0.2797
--      30-    37   4466228 ****************************************                               0.8215 0.4540
--      38-    46   1971458 ******************                                                     0.9258 0.6340
--      47-    56    518803 ****                                                                   0.9684 0.7245
--      57-    67    181985 *                                                                      0.9798 0.7541
--      68-    79    105225                                                                        0.9840 0.7674
--      80-    92     73022                                                                        0.9865 0.7769
--      93-   106     55394                                                                        0.9883 0.7847
--     107-   121     50129                                                                        0.9897 0.7917
--     122-   137     40440                                                                        0.9909 0.7988
--     138-   154     32011                                                                        0.9919 0.8054
--     155-   172     28810                                                                        0.9927 0.8113
--     173-   191     30531                                                                        0.9934 0.8172
--     192-   211     26041                                                                        0.9942 0.8244
--     212-   232     19995                                                                        0.9948 0.8310
--     233-   254     17185                                                                        0.9953 0.8365
--     255-   277     15705                                                                        0.9958 0.8419
--     278-   301     15355                                                                        0.9962 0.8471
--     302-   326     14087                                                                        0.9966 0.8528
--     327-   352     11235                                                                        0.9969 0.8584
--     353-   379     11716                                                                        0.9972 0.8632
--     380-   407     10852                                                                        0.9975 0.8687
--     408-   436     10883                                                                        0.9977 0.8741
--     437-   466      9711                                                                        0.9980 0.8800
--     467-   497      8407                                                                        0.9983 0.8855
--     498-   529      8304                                                                        0.9985 0.8906
--     530-   562      9914                                                                        0.9987 0.8961
--     563-   596      7318                                                                        0.9989 0.9030
--     597-   631      2621                                                                        0.9991 0.9082
--     632-   667      1465                                                                        0.9992 0.9102
--     668-   704      1337                                                                        0.9992 0.9114
--     705-   742      1161                                                                        0.9992 0.9126
--     743-   781      1052                                                                        0.9993 0.9137
--     782-   821       916                                                                        0.9993 0.9147
--
--           0 (max occurrences)
--   786483107 (total mers, non-unique)
--    39793347 (distinct mers, non-unique)
--           0 (unique mers)
-- Report changed.
-- Finished stage 'meryl-process', reset canuIteration.
--
-- Removing meryl database 'trimming/0-mercounts/durioz.ms22'.
--
-- OVERLAPPER (normal) (trimming) erate=0.045
--
----------------------------------------
-- Starting command on Sat Apr 25 01:18:49 2020 with 20023.115 GB free disk space

    cd trimming/1-overlapper
    /sw/bioinfo/canu/2.0/rackham/Linux-amd64/bin/overlapInCorePartition \
     -S  ../../durioz.seqStore \
     -hl 80000000 \
     -rl 1000000000 \
     -ol 500 \
     -o  ./durioz.partition \
    > ./durioz.partition.err 2>&1

-- Finished on Sat Apr 25 01:18:49 2020 (like a bat out of hell) with 20023.115 GB free disk space
----------------------------------------
--
-- Configured 11 overlapInCore jobs.
-- No change in report.
-- Finished stage 'obt-overlapConfigure', reset canuIteration.
-- No change in report.
--
-- Running jobs.  First attempt out of 2.
----------------------------------------
-- Starting 'obtovl' concurrent execution on Sat Apr 25 01:18:49 2020 with 20023.115 GB free disk space (11 processes; 4 concurrently)

    cd trimming/1-overlapper
    ./overlap.sh 1 > ./overlap.000001.out 2>&1
    ./overlap.sh 2 > ./overlap.000002.out 2>&1
    ./overlap.sh 3 > ./overlap.000003.out 2>&1
    ./overlap.sh 4 > ./overlap.000004.out 2>&1
    ./overlap.sh 5 > ./overlap.000005.out 2>&1
    ./overlap.sh 6 > ./overlap.000006.out 2>&1
    ./overlap.sh 7 > ./overlap.000007.out 2>&1
    ./overlap.sh 8 > ./overlap.000008.out 2>&1
    ./overlap.sh 9 > ./overlap.000009.out 2>&1
    ./overlap.sh 10 > ./overlap.000010.out 2>&1
    ./overlap.sh 11 > ./overlap.000011.out 2>&1

-- Finished on Sat Apr 25 02:28:02 2020 (4153 seconds) with 19997.183 GB free disk space
----------------------------------------
-- Found 11 overlapInCore output files.
--
-- overlapInCore compute 'trimming/1-overlapper':
--   kmer hits
--     with no overlap        151559833  66.6363636 +- 8310362.845
--     with an overlap         14947412  5.63636364 +- 2303567.405
--
--   overlaps                  14947134  0.36363636 +- 2303496.742
--     contained                      0           0 +- 0
--     dovetail                       0           0 +- 0
--
--   overlaps rejected
--     multiple per pair              0           0 +- 0
--     bad short window               0           0 +- 0
--     bad long window                0           0 +- 0
-- No change in report.
-- Finished stage 'obt-overlapCheck', reset canuIteration.
----------------------------------------
-- Starting command on Sat Apr 25 02:28:02 2020 with 19997.183 GB free disk space

    cd trimming
    /sw/bioinfo/canu/2.0/rackham/Linux-amd64/bin/ovStoreConfig \
     -S ../durioz.seqStore \
     -M 4-8 \
     -L ./1-overlapper/ovljob.files \
     -create ./durioz.ovlStore.config \
     > ./durioz.ovlStore.config.txt \
    2> ./durioz.ovlStore.config.err

-- Finished on Sat Apr 25 02:28:02 2020 (furiously fast) with 19997.182 GB free disk space
----------------------------------------
--
-- Creating overlap store trimming/durioz.ovlStore using:
--      2 buckets
--      2 slices
--        using at most 2 GB memory each
-- No change in report.
-- Finished stage 'obt-overlapStoreConfigure', reset canuIteration.
-- No change in report.
--
-- Running jobs.  First attempt out of 2.
----------------------------------------
-- Starting 'ovB' concurrent execution on Sat Apr 25 02:28:02 2020 with 19997.182 GB free disk space (2 processes; 20 concurrently)

    cd trimming/durioz.ovlStore.BUILDING
    ./scripts/1-bucketize.sh 1 > ./logs/1-bucketize.000001.out 2>&1
    ./scripts/1-bucketize.sh 2 > ./logs/1-bucketize.000002.out 2>&1

-- Finished on Sat Apr 25 02:28:11 2020 (9 seconds) with 19996.606 GB free disk space
----------------------------------------
-- Overlap store bucketizer finished.
-- No change in report.
-- Finished stage 'obt-overlapStoreBucketizerCheck', reset canuIteration.
-- No change in report.
--
-- Running jobs.  First attempt out of 2.
----------------------------------------
-- Starting 'ovS' concurrent execution on Sat Apr 25 02:28:11 2020 with 19996.606 GB free disk space (2 processes; 15 concurrently)

    cd trimming/durioz.ovlStore.BUILDING
    ./scripts/2-sort.sh 1 > ./logs/2-sort.000001.out 2>&1
    ./scripts/2-sort.sh 2 > ./logs/2-sort.000002.out 2>&1

-- Finished on Sat Apr 25 02:28:25 2020 (14 seconds) with 19996.023 GB free disk space
----------------------------------------
-- Overlap store sorter finished.
-- No change in report.
-- Finished stage 'obt-overlapStoreSorterCheck', reset canuIteration.
----------------------------------------
-- Starting command on Sat Apr 25 02:28:25 2020 with 19996.023 GB free disk space

    cd trimming
    /sw/bioinfo/canu/2.0/rackham/Linux-amd64/bin/ovStoreIndexer \
      -O  ./durioz.ovlStore.BUILDING \
      -S ../durioz.seqStore \
      -C  ./durioz.ovlStore.config \
      -delete \
    > ./durioz.ovlStore.BUILDING.index.err 2>&1

-- Finished on Sat Apr 25 02:28:25 2020 (like a bat out of hell) with 19996.003 GB free disk space
----------------------------------------
-- Checking store.
----------------------------------------
-- Starting command on Sat Apr 25 02:28:25 2020 with 19996.003 GB free disk space

    cd trimming
    /sw/bioinfo/canu/2.0/rackham/Linux-amd64/bin/ovStoreDump \
     -S ../durioz.seqStore \
     -O  ./durioz.ovlStore \
     -counts \
     > ./durioz.ovlStore/counts.dat 2> ./durioz.ovlStore/counts.err

-- Finished on Sat Apr 25 02:28:26 2020 (one second) with 19996.001 GB free disk space
----------------------------------------
--
-- Overlap store 'trimming/durioz.ovlStore' successfully constructed.
-- Found 29894824 overlaps for 101556 reads; 132296 reads have no overlaps.
--
--
-- Purged 0.29 GB in 33 overlap output files.
-- No change in report.
-- Finished stage 'obt-createOverlapStore', reset canuIteration.
----------------------------------------
-- Starting command on Sat Apr 25 02:28:26 2020 with 19995.999 GB free disk space

    cd trimming/3-overlapbasedtrimming
    /sw/bioinfo/canu/2.0/rackham/Linux-amd64/bin/trimReads \
      -S  ../../durioz.seqStore \
      -O  ../durioz.ovlStore \
      -Co ./durioz.1.trimReads.clear \
      -e  0.045 \
      -minlength 1000 \
      -ol 500 \
      -oc 2 \
      -o  ./durioz.1.trimReads \
    >     ./durioz.1.trimReads.err 2>&1

-- Finished on Sat Apr 25 02:28:34 2020 (8 seconds) with 19995.894 GB free disk space
----------------------------------------
--  PARAMETERS:
--  ----------
--     1000    (reads trimmed below this many bases are deleted)
--   0.0450    (use overlaps at or below this fraction error)
--      500    (break region if overlap is less than this long, for 'largest covered' algorithm)
--        2    (break region if overlap coverage is less than this many reads, for 'largest covered' algorithm)
--  
--  INPUT READS:
--  -----------
--  233852 reads    843702523 bases (reads processed)
--       0 reads            0 bases (reads not processed, previously deleted)
--       0 reads            0 bases (reads not processed, in a library where trimming isn't allowed)
--  
--  OUTPUT READS:
--  ------------
--   88677 reads    718413299 bases (trimmed reads output)
--   10916 reads     86303723 bases (reads with no change, kept as is)
--  132296 reads      2596420 bases (reads with no overlaps, deleted)
--    1963 reads      7742828 bases (reads with short trimmed length, deleted)
--  
--  TRIMMING DETAILS:
--  ----------------
--   66755 reads     15417367 bases (bases trimmed from the 5' end of a read)
--   70930 reads     13228886 bases (bases trimmed from the 3' end of a read)
-- Report changed.
-- Finished stage 'obt-trimReads', reset canuIteration.
----------------------------------------
-- Starting command on Sat Apr 25 02:28:34 2020 with 19995.894 GB free disk space

    cd trimming/3-overlapbasedtrimming
    /sw/bioinfo/canu/2.0/rackham/Linux-amd64/bin/splitReads \
      -S  ../../durioz.seqStore \
      -O  ../durioz.ovlStore \
      -Ci ./durioz.1.trimReads.clear \
      -Co ./durioz.2.splitReads.clear \
      -e  0.045 \
      -minlength 1000 \
      -o  ./durioz.2.splitReads \
    >     ./durioz.2.splitReads.err 2>&1

-- Finished on Sat Apr 25 02:28:42 2020 (8 seconds) with 19995.857 GB free disk space
----------------------------------------
--  PARAMETERS:
--  ----------
--     1000    (reads trimmed below this many bases are deleted)
--   0.0450    (use overlaps at or below this fraction error)
--  INPUT READS:
--  -----------
--   99593 reads    833363275 bases (reads processed)
--  134259 reads     10339248 bases (reads not processed, previously deleted)
--       0 reads            0 bases (reads not processed, in a library where trimming isn't allowed)
--  
--  PROCESSED:
--  --------
--       0 reads            0 bases (no overlaps)
--      44 reads       213868 bases (no coverage after adjusting for trimming done already)
--       0 reads            0 bases (processed for chimera)
--       0 reads            0 bases (processed for spur)
--   99549 reads    833149407 bases (processed for subreads)
--  
--  READS WITH SIGNALS:
--  ------------------
--       0 reads            0 signals (number of 5' spur signal)
--       0 reads            0 signals (number of 3' spur signal)
--       0 reads            0 signals (number of chimera signal)
--      48 reads           48 signals (number of subread signal)
--  
--  SIGNALS:
--  -------
--       0 reads            0 bases (size of 5' spur signal)
--       0 reads            0 bases (size of 3' spur signal)
--       0 reads            0 bases (size of chimera signal)
--      48 reads        17106 bases (size of subread signal)
--  
--  TRIMMING:
--  --------
--      17 reads        85053 bases (trimmed from the 5' end of the read)
--      31 reads       183332 bases (trimmed from the 3' end of the read)
-- Report changed.
-- Finished stage 'obt-splitReads', reset canuIteration.
----------------------------------------
-- Starting command on Sat Apr 25 02:28:42 2020 with 19995.857 GB free disk space

    cd trimming/3-overlapbasedtrimming
    /sw/bioinfo/canu/2.0/rackham/Linux-amd64/bin/loadTrimmedReads \
      -S ../../durioz.seqStore \
      -c ./durioz.2.splitReads.clear \
    > ./durioz.loadTrimmedReads.err 2>&1

-- Finished on Sat Apr 25 02:28:48 2020 (6 seconds) with 19995.833 GB free disk space
----------------------------------------
----------------------------------------
-- Starting command on Sat Apr 25 02:28:48 2020 with 19995.833 GB free disk space

    cd .
    /sw/bioinfo/canu/2.0/rackham/Linux-amd64/bin/sqStoreDumpMetaData \
      -S ./durioz.seqStore \
      -corrected -trimmed \
      -histogram \
      -lengths \
    > ./durioz.seqStore/readlengths-utg.dat \
    2> ./durioz.seqStore/readlengths-utg.err 
    

-- Finished on Sat Apr 25 02:28:48 2020 (lickety-split) with 19995.832 GB free disk space
----------------------------------------
----------------------------------------
-- Starting command on Sat Apr 25 02:28:49 2020 with 19995.832 GB free disk space

    cd .
    /sw/bioinfo/canu/2.0/rackham/Linux-amd64/bin/sqStoreDumpMetaData \
      -S ./durioz.seqStore \
      -corrected -trimmed \
      -histogram \
    > ./durioz.seqStore/readlengths-utg.txt \
    2> ./durioz.seqStore/readlengths-utg.err 
    

-- Finished on Sat Apr 25 02:28:49 2020 (furiously fast) with 19995.832 GB free disk space
----------------------------------------
--
-- In sequence store './durioz.seqStore':
--   Found 99593 reads.
--   Found 804448637 bases (33.29 times coverage).
--    
--    G=804448637                        sum of  ||               length     num
--    NG         length     index       lengths  ||                range    seqs
--    ----- ------------ --------- ------------  ||  ------------------- -------
--    00010        15191      4504     80449891  ||       1001-1635         1153|---------
--    00020        12660     10352    160892797  ||       1636-2270         1014|--------
--    00030        11126     17151    241339484  ||       2271-2905         1148|---------
--    00040        10000     24794    321787563  ||       2906-3540         1409|-----------
--    00050         9081     33236    402226328  ||       3541-4175         4433|----------------------------------
--    00060         8188     42559    482669838  ||       4176-4810         8237|---------------------------------------------------------------
--    00070         7256     52988    563119964  ||       4811-5445         7949|-------------------------------------------------------------
--    00080         6240     64909    643564589  ||       5446-6080         7507|----------------------------------------------------------
--    00090         5054     79178    724005880  ||       6081-6715         7406|---------------------------------------------------------
--    00100         1001     99592    804448637  ||       6716-7350         7479|----------------------------------------------------------
--    001.000x               99593    804448637  ||       7351-7985         7110|-------------------------------------------------------
--                                               ||       7986-8620         6780|----------------------------------------------------
--                                               ||       8621-9255         6418|--------------------------------------------------
--                                               ||       9256-9890         5857|---------------------------------------------
--                                               ||       9891-10525        4857|--------------------------------------
--                                               ||      10526-11160        3880|------------------------------
--                                               ||      11161-11795        3168|-------------------------
--                                               ||      11796-12430        2564|--------------------
--                                               ||      12431-13065        2132|-----------------
--                                               ||      13066-13700        1734|--------------
--                                               ||      13701-14335        1411|-----------
--                                               ||      14336-14970        1091|---------
--                                               ||      14971-15605         944|--------
--                                               ||      15606-16240         803|-------
--                                               ||      16241-16875         663|------
--                                               ||      16876-17510         517|----
--                                               ||      17511-18145         405|----
--                                               ||      18146-18780         326|---
--                                               ||      18781-19415         256|--
--                                               ||      19416-20050         227|--
--                                               ||      20051-20685         155|--
--                                               ||      20686-21320         126|-
--                                               ||      21321-21955          98|-
--                                               ||      21956-22590          65|-
--                                               ||      22591-23225          57|-
--                                               ||      23226-23860          50|-
--                                               ||      23861-24495          36|-
--                                               ||      24496-25130          31|-
--                                               ||      25131-25765          21|-
--                                               ||      25766-26400          18|-
--                                               ||      26401-27035          23|-
--                                               ||      27036-27670           9|-
--                                               ||      27671-28305          10|-
--                                               ||      28306-28940           3|-
--                                               ||      28941-29575           8|-
--                                               ||      29576-30210           1|-
--                                               ||      30211-30845           0|
--                                               ||      30846-31480           0|
--                                               ||      31481-32115           3|-
--                                               ||      32116-32750           1|-
--    
--
-- Purging overlaps used for trimming.
-- Report changed.
-- Finished stage 'obt-dumpReads', reset canuIteration.
----------------------------------------
-- Starting command on Sat Apr 25 02:28:49 2020 with 19995.83 GB free disk space

    cd .
    /sw/bioinfo/canu/2.0/rackham/Linux-amd64/bin/sqStoreDumpFASTQ \
      -trimmed \
      -S ./durioz.seqStore \
      -o ./durioz.trimmedReads.gz \
      -fasta \
      -trimmed -normal -nolibname \
    > ./durioz.trimmedReads.fasta.err 2>&1

-- Finished on Sat Apr 25 02:29:09 2020 (20 seconds) with 19995.545 GB free disk space
----------------------------------------
--
-- Trimmed reads saved in 'durioz.trimmedReads.fasta.gz'.
-- No change in report.
-- Finished stage 'cor-dumpTrimmedReads', reset canuIteration.
--
-- Bye.
-- Canu 2.0
--
-- Detected Java(TM) Runtime Environment '1.8.0_151' (from '/sw/comp/java/x86_64/sun_jdk1.8.0_151/bin/java') with -d64 support.
-- Detected gnuplot version '4.6 patchlevel 2   ' (from 'gnuplot') and image format 'png'.
-- Detected 20 CPUs and 125 gigabytes of memory.
-- Detected Slurm with 'sinfo' binary in /usr/bin/sinfo.
-- Grid engine and staging disabled per useGrid=false option.
--
--                                (tag)Concurrency
--                         (tag)Threads          |
--                (tag)Memory         |          |
--        (tag)             |         |          |       total usage      algorithm
--        -------  ----------  --------   --------  --------------------  -----------------------------
-- Local: meryl     12.000 GB    4 CPUs x   5 jobs    60.000 GB  20 CPUs  (k-mer counting)
-- Local: hap        8.000 GB    4 CPUs x   5 jobs    40.000 GB  20 CPUs  (read-to-haplotype assignment)
-- Local: cormhap    6.000 GB   10 CPUs x   2 jobs    12.000 GB  20 CPUs  (overlap detection with mhap)
-- Local: obtovl     4.000 GB    5 CPUs x   4 jobs    16.000 GB  20 CPUs  (overlap detection)
-- Local: utgovl     4.000 GB    5 CPUs x   4 jobs    16.000 GB  20 CPUs  (overlap detection)
-- Local: cor        8.000 GB    4 CPUs x   5 jobs    40.000 GB  20 CPUs  (read correction)
-- Local: ovb        4.000 GB    1 CPU  x  20 jobs    80.000 GB  20 CPUs  (overlap store bucketizer)
-- Local: ovs        8.000 GB    1 CPU  x  15 jobs   120.000 GB  15 CPUs  (overlap store sorting)
-- Local: red       16.000 GB    4 CPUs x   5 jobs    80.000 GB  20 CPUs  (read error detection)
-- Local: oea        8.000 GB    1 CPU  x  15 jobs   120.000 GB  15 CPUs  (overlap error adjustment)
-- Local: bat       16.000 GB    4 CPUs x   1 job     16.000 GB   4 CPUs  (contig construction with bogart)
-- Local: cns        -.--- GB    4 CPUs x   - jobs     -.--- GB   - CPUs  (consensus)
-- Local: gfa       16.000 GB    4 CPUs x   1 job     16.000 GB   4 CPUs  (GFA alignment and processing)
-- WARNING:
-- WARNING:  Option '-pacbio-corrected' is deprecated.
-- WARNING:  Use options '-corrected -pacbio <files>' in the future.
-- WARNING:
--
-- Found trimmed corrected PacBio CLR reads in the input files.
--
-- Generating assembly 'durioz' in '/domus/h1/mei/genome-analysis/analyses/02_genome_assembly/canu_assembly':
--    - assemble corrected and trimmed reads.
--
-- Parameters:
--
--  genomeSize        24162007
--
--  Overlap Generation Limits:
--    corOvlErrorRate 0.2400 ( 24.00%)
--    obtOvlErrorRate 0.0450 (  4.50%)
--    utgOvlErrorRate 0.0450 (  4.50%)
--
--  Overlap Processing Limits:
--    corErrorRate    0.3000 ( 30.00%)
--    obtErrorRate    0.0450 (  4.50%)
--    utgErrorRate    0.0450 (  4.50%)
--    cnsErrorRate    0.0750 (  7.50%)
--
--
-- BEGIN ASSEMBLY
--
----------------------------------------
-- Starting command on Sat Apr 25 02:29:09 2020 with 19995.545 GB free disk space

    cd .
    ./durioz.seqStore.sh \
    > ./durioz.seqStore.err 2>&1

-- Finished on Sat Apr 25 02:29:21 2020 (12 seconds) with 19995.333 GB free disk space
----------------------------------------
----------------------------------------
-- Starting command on Sat Apr 25 02:29:21 2020 with 19995.333 GB free disk space

    cd .
    /sw/bioinfo/canu/2.0/rackham/Linux-amd64/bin/sqStoreDumpMetaData \
      -S ./durioz.seqStore \
      -corrected -trimmed \
      -histogram \
      -lengths \
    > ./durioz.seqStore/readlengths-utg.dat \
    2> ./durioz.seqStore/readlengths-utg.err 
    

-- Finished on Sat Apr 25 02:29:21 2020 (like a bat out of hell) with 19995.333 GB free disk space
----------------------------------------
----------------------------------------
-- Starting command on Sat Apr 25 02:29:21 2020 with 19995.333 GB free disk space

    cd .
    /sw/bioinfo/canu/2.0/rackham/Linux-amd64/bin/sqStoreDumpMetaData \
      -S ./durioz.seqStore \
      -corrected -trimmed \
      -histogram \
    > ./durioz.seqStore/readlengths-utg.txt \
    2> ./durioz.seqStore/readlengths-utg.err 
    

-- Finished on Sat Apr 25 02:29:21 2020 (furiously fast) with 19995.333 GB free disk space
----------------------------------------
--
-- In sequence store './durioz.seqStore':
--   Found 99593 reads.
--   Found 804448637 bases (33.29 times coverage).
--    
--    G=804448637                        sum of  ||               length     num
--    NG         length     index       lengths  ||                range    seqs
--    ----- ------------ --------- ------------  ||  ------------------- -------
--    00010        15191      4504     80449891  ||       1001-1635         1153|---------
--    00020        12660     10352    160892797  ||       1636-2270         1014|--------
--    00030        11126     17151    241339484  ||       2271-2905         1148|---------
--    00040        10000     24794    321787563  ||       2906-3540         1409|-----------
--    00050         9081     33236    402226328  ||       3541-4175         4433|----------------------------------
--    00060         8188     42559    482669838  ||       4176-4810         8237|---------------------------------------------------------------
--    00070         7256     52988    563119964  ||       4811-5445         7949|-------------------------------------------------------------
--    00080         6240     64909    643564589  ||       5446-6080         7507|----------------------------------------------------------
--    00090         5054     79178    724005880  ||       6081-6715         7406|---------------------------------------------------------
--    00100         1001     99592    804448637  ||       6716-7350         7479|----------------------------------------------------------
--    001.000x               99593    804448637  ||       7351-7985         7110|-------------------------------------------------------
--                                               ||       7986-8620         6780|----------------------------------------------------
--                                               ||       8621-9255         6418|--------------------------------------------------
--                                               ||       9256-9890         5857|---------------------------------------------
--                                               ||       9891-10525        4857|--------------------------------------
--                                               ||      10526-11160        3880|------------------------------
--                                               ||      11161-11795        3168|-------------------------
--                                               ||      11796-12430        2564|--------------------
--                                               ||      12431-13065        2132|-----------------
--                                               ||      13066-13700        1734|--------------
--                                               ||      13701-14335        1411|-----------
--                                               ||      14336-14970        1091|---------
--                                               ||      14971-15605         944|--------
--                                               ||      15606-16240         803|-------
--                                               ||      16241-16875         663|------
--                                               ||      16876-17510         517|----
--                                               ||      17511-18145         405|----
--                                               ||      18146-18780         326|---
--                                               ||      18781-19415         256|--
--                                               ||      19416-20050         227|--
--                                               ||      20051-20685         155|--
--                                               ||      20686-21320         126|-
--                                               ||      21321-21955          98|-
--                                               ||      21956-22590          65|-
--                                               ||      22591-23225          57|-
--                                               ||      23226-23860          50|-
--                                               ||      23861-24495          36|-
--                                               ||      24496-25130          31|-
--                                               ||      25131-25765          21|-
--                                               ||      25766-26400          18|-
--                                               ||      26401-27035          23|-
--                                               ||      27036-27670           9|-
--                                               ||      27671-28305          10|-
--                                               ||      28306-28940           3|-
--                                               ||      28941-29575           8|-
--                                               ||      29576-30210           1|-
--                                               ||      30211-30845           0|
--                                               ||      30846-31480           0|
--                                               ||      31481-32115           3|-
--                                               ||      32116-32750           1|-
--    
-- New report created.
----------------------------------------
-- Starting command on Sat Apr 25 02:29:21 2020 with 19995.333 GB free disk space

    cd unitigging/0-mercounts
    ./meryl-configure.sh \
    > ./meryl-configure.err 2>&1

-- Finished on Sat Apr 25 02:29:22 2020 (one second) with 19995.333 GB free disk space
----------------------------------------
--  segments   memory batches
--  -------- -------- -------
--        01  3.19 GB       1
--        02  1.62 GB       1
--        04  0.81 GB       1
--        06  0.56 GB       1
--        08  0.44 GB       1
--
--  For 99593 reads with 804448637 bases, limit to 8 batches.
--  Will count kmers using 01 jobs, each using 5 GB and 4 threads.
--
-- Report changed.
-- Finished stage 'merylConfigure', reset canuIteration.
-- No change in report.
--
-- Running jobs.  First attempt out of 2.
----------------------------------------
-- Starting 'meryl' concurrent execution on Sat Apr 25 02:29:22 2020 with 19995.333 GB free disk space (1 processes; 5 concurrently)

    cd unitigging/0-mercounts
    ./meryl-count.sh 1 > ./meryl-count.000001.out 2>&1

-- Finished on Sat Apr 25 02:30:23 2020 (61 seconds) with 19994.647 GB free disk space
----------------------------------------
-- Found 1 Kmer counting (meryl) outputs.
-- No change in report.
-- Finished stage 'utg-merylCountCheck', reset canuIteration.
-- No change in report.
--
-- Running jobs.  First attempt out of 2.
----------------------------------------
-- Starting 'meryl' concurrent execution on Sat Apr 25 02:30:23 2020 with 19994.647 GB free disk space (1 processes; 5 concurrently)

    cd unitigging/0-mercounts
    ./meryl-process.sh 1 > ./meryl-process.000001.out 2>&1

-- Finished on Sat Apr 25 02:30:43 2020 (20 seconds) with 19994.341 GB free disk space
----------------------------------------
-- Meryl finished successfully.  Kmer frequency histogram:
--
--  22-mers                                                                                           Fraction
--    Occurrences   NumMers                                                                         Unique Total
--       1-     1         0                                                                        0.0000 0.0000
--       2-     2   6236150 ********************************************************************** 0.1674 0.0164
--       3-     4   4916375 *******************************************************                0.2485 0.0283
--       5-     7   3636911 ****************************************                               0.3396 0.0481
--       8-    11   2848363 *******************************                                        0.4188 0.0748
--      12-    16   2957999 *********************************                                      0.4894 0.1108
--      17-    22   3974202 ********************************************                           0.5691 0.1694
--      23-    29   5122835 *********************************************************              0.6791 0.2804
--      30-    37   4386432 *************************************************                      0.8150 0.4595
--      38-    46   1896318 *********************                                                  0.9241 0.6417
--      47-    56    494705 *****                                                                  0.9678 0.7314
--      57-    67    172575 *                                                                      0.9794 0.7605
--      68-    79    100472 *                                                                      0.9836 0.7736
--      80-    92     69488                                                                        0.9862 0.7830
--      93-   106     52783                                                                        0.9880 0.7906
--     107-   121     47998                                                                        0.9894 0.7975
--     122-   137     38767                                                                        0.9907 0.8046
--     138-   154     30408                                                                        0.9917 0.8111
--     155-   172     27308                                                                        0.9925 0.8169
--     173-   191     29795                                                                        0.9932 0.8227
--     192-   211     25255                                                                        0.9940 0.8299
--     212-   232     19229                                                                        0.9947 0.8365
--     233-   254     16785                                                                        0.9952 0.8421
--     255-   277     15150                                                                        0.9957 0.8474
--     278-   301     15038                                                                        0.9961 0.8527
--     302-   326     13503                                                                        0.9965 0.8585
--     327-   352     10964                                                                        0.9968 0.8640
--     353-   379     11420                                                                        0.9971 0.8688
--     380-   407     10570                                                                        0.9974 0.8743
--     408-   436     10734                                                                        0.9977 0.8798
--     437-   466      9352                                                                        0.9980 0.8857
--     467-   497      7976                                                                        0.9983 0.8913
--     498-   529      8290                                                                        0.9985 0.8963
--     530-   562      9581                                                                        0.9987 0.9020
--     563-   596      6614                                                                        0.9989 0.9088
--     597-   631      2380                                                                        0.9991 0.9137
--     632-   667      1243                                                                        0.9992 0.9156
--     668-   704      1159                                                                        0.9992 0.9167
--     705-   742      1079                                                                        0.9992 0.9177
--     743-   781       848                                                                        0.9993 0.9187
--     782-   821       852                                                                        0.9993 0.9196
--
--           0 (max occurrences)
--   760894182 (total mers, non-unique)
--    37263297 (distinct mers, non-unique)
--           0 (unique mers)
-- Report changed.
-- Finished stage 'meryl-process', reset canuIteration.
--
-- Removing meryl database 'unitigging/0-mercounts/durioz.ms22'.
--
-- OVERLAPPER (normal) (assembly) erate=0.045
--
----------------------------------------
-- Starting command on Sat Apr 25 02:30:43 2020 with 19994.339 GB free disk space

    cd unitigging/1-overlapper
    /sw/bioinfo/canu/2.0/rackham/Linux-amd64/bin/overlapInCorePartition \
     -S  ../../durioz.seqStore \
     -hl 80000000 \
     -rl 1000000000 \
     -ol 500 \
     -o  ./durioz.partition \
    > ./durioz.partition.err 2>&1

-- Finished on Sat Apr 25 02:30:43 2020 (furiously fast) with 19994.339 GB free disk space
----------------------------------------
--
-- Configured 11 overlapInCore jobs.
-- No change in report.
-- Finished stage 'utg-overlapConfigure', reset canuIteration.
-- No change in report.
--
-- Running jobs.  First attempt out of 2.
----------------------------------------
-- Starting 'utgovl' concurrent execution on Sat Apr 25 02:30:43 2020 with 19994.339 GB free disk space (11 processes; 4 concurrently)

    cd unitigging/1-overlapper
    ./overlap.sh 1 > ./overlap.000001.out 2>&1
    ./overlap.sh 2 > ./overlap.000002.out 2>&1
    ./overlap.sh 3 > ./overlap.000003.out 2>&1
    ./overlap.sh 4 > ./overlap.000004.out 2>&1
    ./overlap.sh 5 > ./overlap.000005.out 2>&1
    ./overlap.sh 6 > ./overlap.000006.out 2>&1
    ./overlap.sh 7 > ./overlap.000007.out 2>&1
    ./overlap.sh 8 > ./overlap.000008.out 2>&1
    ./overlap.sh 9 > ./overlap.000009.out 2>&1
    ./overlap.sh 10 > ./overlap.000010.out 2>&1
    ./overlap.sh 11 > ./overlap.000011.out 2>&1

-- Finished on Sat Apr 25 03:45:40 2020 (4497 seconds) with 19969.846 GB free disk space
----------------------------------------
-- Found 11 overlapInCore output files.
--
-- overlapInCore compute 'unitigging/1-overlapper':
--   kmer hits
--     with no overlap        133462124  20.3636364 +- 8259246.675
--     with an overlap         13064077  3.36363636 +- 1930625.028
--
--   overlaps                  13064077  3.36363636 +- 1930625.028
--     contained                5123609  .636363636 +- 860798.36
--     dovetail                 7940468  .727272727 +- 1071109.517
--
--   overlaps rejected
--     multiple per pair              0           0 +- 0
--     bad short window               0           0 +- 0
--     bad long window                0           0 +- 0
-- No change in report.
-- Finished stage 'utg-overlapCheck', reset canuIteration.
----------------------------------------
-- Starting command on Sat Apr 25 03:45:40 2020 with 19969.846 GB free disk space

    cd unitigging
    /sw/bioinfo/canu/2.0/rackham/Linux-amd64/bin/ovStoreConfig \
     -S ../durioz.seqStore \
     -M 4-8 \
     -L ./1-overlapper/ovljob.files \
     -create ./durioz.ovlStore.config \
     > ./durioz.ovlStore.config.txt \
    2> ./durioz.ovlStore.config.err

-- Finished on Sat Apr 25 03:45:40 2020 (like a bat out of hell) with 19969.845 GB free disk space
----------------------------------------
--
-- Creating overlap store unitigging/durioz.ovlStore using:
--      2 buckets
--      2 slices
--        using at most 2 GB memory each
-- No change in report.
-- Finished stage 'utg-overlapStoreConfigure', reset canuIteration.
-- No change in report.
--
-- Running jobs.  First attempt out of 2.
----------------------------------------
-- Starting 'ovB' concurrent execution on Sat Apr 25 03:45:40 2020 with 19969.845 GB free disk space (2 processes; 20 concurrently)

    cd unitigging/durioz.ovlStore.BUILDING
    ./scripts/1-bucketize.sh 1 > ./logs/1-bucketize.000001.out 2>&1
    ./scripts/1-bucketize.sh 2 > ./logs/1-bucketize.000002.out 2>&1

-- Finished on Sat Apr 25 03:45:47 2020 (7 seconds) with 19969.32 GB free disk space
----------------------------------------
-- Overlap store bucketizer finished.
-- No change in report.
-- Finished stage 'utg-overlapStoreBucketizerCheck', reset canuIteration.
-- No change in report.
--
-- Running jobs.  First attempt out of 2.
----------------------------------------
-- Starting 'ovS' concurrent execution on Sat Apr 25 03:45:47 2020 with 19969.32 GB free disk space (2 processes; 15 concurrently)

    cd unitigging/durioz.ovlStore.BUILDING
    ./scripts/2-sort.sh 1 > ./logs/2-sort.000001.out 2>&1
    ./scripts/2-sort.sh 2 > ./logs/2-sort.000002.out 2>&1

-- Finished on Sat Apr 25 03:46:00 2020 (13 seconds) with 19968.762 GB free disk space
----------------------------------------
-- Overlap store sorter finished.
-- No change in report.
-- Finished stage 'utg-overlapStoreSorterCheck', reset canuIteration.
----------------------------------------
-- Starting command on Sat Apr 25 03:46:00 2020 with 19968.762 GB free disk space

    cd unitigging
    /sw/bioinfo/canu/2.0/rackham/Linux-amd64/bin/ovStoreIndexer \
      -O  ./durioz.ovlStore.BUILDING \
      -S ../durioz.seqStore \
      -C  ./durioz.ovlStore.config \
      -delete \
    > ./durioz.ovlStore.BUILDING.index.err 2>&1

-- Finished on Sat Apr 25 03:46:00 2020 (furiously fast) with 19968.753 GB free disk space
----------------------------------------
-- Checking store.
----------------------------------------
-- Starting command on Sat Apr 25 03:46:00 2020 with 19968.753 GB free disk space

    cd unitigging
    /sw/bioinfo/canu/2.0/rackham/Linux-amd64/bin/ovStoreDump \
     -S ../durioz.seqStore \
     -O  ./durioz.ovlStore \
     -counts \
     > ./durioz.ovlStore/counts.dat 2> ./durioz.ovlStore/counts.err

-- Finished on Sat Apr 25 03:46:00 2020 (lickety-split) with 19968.752 GB free disk space
----------------------------------------
--
-- Overlap store 'unitigging/durioz.ovlStore' successfully constructed.
-- Found 26128154 overlaps for 99535 reads; 58 reads have no overlaps.
--
--
-- Purged 0.224 GB in 33 overlap output files.
----------------------------------------
-- Starting command on Sat Apr 25 03:46:01 2020 with 19968.749 GB free disk space

    cd unitigging
    /sw/bioinfo/canu/2.0/rackham/Linux-amd64/bin/ovStoreStats \
     -C 33 \
     -S ../durioz.seqStore \
     -O  ./durioz.ovlStore \
     -o  ./durioz.ovlStore \
     > ./durioz.ovlStore.summary.err 2>&1

-- Finished on Sat Apr 25 03:46:06 2020 (5 seconds) with 19968.748 GB free disk space
----------------------------------------
--
-- Overlap store 'unitigging/durioz.ovlStore' contains:
--
--   category            reads     %          read length        feature size or coverage  analysis
--   ----------------  -------  -------  ----------------------  ------------------------  --------------------
--   middle-missing         68    0.07     5502.40 +- 3469.44        574.97 +- 724.78     (bad trimming)
--   middle-hump           282    0.28     5437.38 +- 2817.45        286.49 +- 566.54     (bad trimming)
--   no-5-prime            747    0.75     6957.69 +- 3968.74        177.19 +- 417.33     (bad trimming)
--   no-3-prime            704    0.71     6768.18 +- 3704.64        212.00 +- 456.43     (bad trimming)
--   
--   low-coverage         4528    4.55     4674.84 +- 2391.50          5.40 +- 2.16       (easy to assemble, potential for lower quality consensus)
--   unique              61097   61.35     8069.38 +- 3380.67         29.84 +- 8.06       (easy to assemble, perfect, yay)
--   repeat-cont         15101   15.16     8435.07 +- 3745.45        998.59 +- 824.88     (potential for consensus errors, no impact on assembly)
--   repeat-dove            32    0.03    22627.34 +- 4164.59        652.58 +- 596.59     (hard to assemble, likely won't assemble correctly or even at all)
--   
--   span-repeat          5611    5.63     9260.34 +- 3856.15       2754.62 +- 2730.10    (read spans a large repeat, usually easy to assemble)
--   uniq-repeat-cont     9568    9.61     8070.40 +- 3575.43                             (should be uniquely placed, low potential for consensus errors, no impact on assembly)
--   uniq-repeat-dove     1768    1.78    11766.33 +- 4174.20                             (will end contigs, potential to misassemble)
--   uniq-anchor            29    0.03     7714.31 +- 3170.45       2320.28 +- 1896.04    (repeat read, with unique section, probable bad read)
-- Report changed.
-- Finished stage 'utg-createOverlapStore', reset canuIteration.
--
-- Loading read lengths.
-- Loading number of overlaps per read.
--
-- Configure RED for 16gb memory.
--                   Batches of at most (unlimited) reads.
--                                      500000000 bases.
--                   Expecting evidence of at most 536870912 bases per iteration.
--
--           Total                                               Reads                 Olaps Evidence
--    Job   Memory      Read Range         Reads        Bases   Memory        Olaps   Memory   Memory  (Memory in MB)
--   ---- -------- ------------------- --------- ------------ -------- ------------ -------- --------
--      1 16384.85         1-13344         13344    108962384 13301.49       992234    11.36  1024.00
--      2 16384.56     13345-26918         13574    108948101 13299.76      1118446    12.80  1024.00
--      3 16384.53     26919-40005         13087    108861663 13289.19      2039842    23.34  1024.00
--      4 16384.82     40006-54186         14181    108952407 13300.30      1094378    12.52  1024.00
--      5 16384.27     54187-67578         13392    107652462 13141.59     14913985   170.68  1024.00
--      6 16384.37     67579-80584         13006    108834356 13285.85      2317011    26.52  1024.00
--      7 16384.06     80585-94169         13585    108728768 13272.98      3414267    39.07  1024.00
--      8  8385.99     94170-99593          5424     43508496  5311.27       237991     2.72  1024.00
--   ---- -------- ------------------- --------- ------------ -------- ------------ -------- --------
--                                                  804448637              26128154
-- No change in report.
-- Finished stage 'readErrorDetectionConfigure', reset canuIteration.
-- No change in report.
--
-- Running jobs.  First attempt out of 2.
----------------------------------------
-- Starting 'red' concurrent execution on Sat Apr 25 03:46:07 2020 with 19968.748 GB free disk space (8 processes; 5 concurrently)

    cd unitigging/3-overlapErrorAdjustment
    ./red.sh 1 > ./red.000001.out 2>&1
    ./red.sh 2 > ./red.000002.out 2>&1
    ./red.sh 3 > ./red.000003.out 2>&1
    ./red.sh 4 > ./red.000004.out 2>&1
    ./red.sh 5 > ./red.000005.out 2>&1
    ./red.sh 6 > ./red.000006.out 2>&1
    ./red.sh 7 > ./red.000007.out 2>&1
    ./red.sh 8 > ./red.000008.out 2>&1

-- Finished on Sat Apr 25 03:49:25 2020 (198 seconds) with 19968.211 GB free disk space
----------------------------------------
--
-- Read error detection jobs failed, retry.
--   job 00002.red FAILED.
--   job 00004.red FAILED.
--   job 00005.red FAILED.
--   job 00006.red FAILED.
--   job 00007.red FAILED.
--
-- No change in report.
--
-- Running jobs.  Second attempt out of 2.
----------------------------------------
-- Starting 'red' concurrent execution on Sat Apr 25 03:49:26 2020 with 19968.211 GB free disk space (5 processes; 5 concurrently)

    cd unitigging/3-overlapErrorAdjustment
    ./red.sh 2 > ./red.000002.out 2>&1
    ./red.sh 4 > ./red.000004.out 2>&1
    ./red.sh 5 > ./red.000005.out 2>&1
    ./red.sh 6 > ./red.000006.out 2>&1
    ./red.sh 7 > ./red.000007.out 2>&1

-- Finished on Sat Apr 25 03:56:01 2020 (395 seconds) with 19966.947 GB free disk space
----------------------------------------
--
-- Read error detection jobs failed, tried 2 times, giving up.
--   job 00005.red FAILED.
--

ABORT:
ABORT: Canu 2.0
ABORT: Don't panic, but a mostly harmless error occurred and Canu stopped.
ABORT: Try restarting.  If that doesn't work, ask for help.
ABORT:
slurmstepd: error: Detected 3210 oom-kill event(s) in step 13879625.batch cgroup. Some of your processes may have been killed by the cgroup out-of-memory handler.
