canu/2.0 has the useGrid option default set to useGrid=false. This can be overriden by another configuration file or a command-line option.
-- Canu 2.0
--
-- Detected Java(TM) Runtime Environment '1.8.0_151' (from '/sw/comp/java/x86_64/sun_jdk1.8.0_151/bin/java') with -d64 support.
-- Detected gnuplot version '4.6 patchlevel 2   ' (from 'gnuplot') and image format 'png'.
-- Detected 20 CPUs and 125 gigabytes of memory.
-- Detected Slurm with 'sinfo' binary in /usr/bin/sinfo.
-- Grid engine and staging disabled per useGrid=false option.
--
--                                (tag)Concurrency
--                         (tag)Threads          |
--                (tag)Memory         |          |
--        (tag)             |         |          |       total usage      algorithm
--        -------  ----------  --------   --------  --------------------  -----------------------------
-- Local: meryl     12.000 GB    4 CPUs x   5 jobs    60.000 GB  20 CPUs  (k-mer counting)
-- Local: hap        8.000 GB    4 CPUs x   5 jobs    40.000 GB  20 CPUs  (read-to-haplotype assignment)
-- Local: cormhap    6.000 GB   10 CPUs x   2 jobs    12.000 GB  20 CPUs  (overlap detection with mhap)
-- Local: obtovl     4.000 GB    5 CPUs x   4 jobs    16.000 GB  20 CPUs  (overlap detection)
-- Local: utgovl     4.000 GB    5 CPUs x   4 jobs    16.000 GB  20 CPUs  (overlap detection)
-- Local: cor        8.000 GB    4 CPUs x   5 jobs    40.000 GB  20 CPUs  (read correction)
-- Local: ovb        4.000 GB    1 CPU  x  20 jobs    80.000 GB  20 CPUs  (overlap store bucketizer)
-- Local: ovs        8.000 GB    1 CPU  x  15 jobs   120.000 GB  15 CPUs  (overlap store sorting)
-- Local: red       16.000 GB    4 CPUs x   5 jobs    80.000 GB  20 CPUs  (read error detection)
-- Local: oea        8.000 GB    1 CPU  x  15 jobs   120.000 GB  15 CPUs  (overlap error adjustment)
-- Local: bat       16.000 GB    4 CPUs x   1 job     16.000 GB   4 CPUs  (contig construction with bogart)
-- Local: cns        -.--- GB    4 CPUs x   - jobs     -.--- GB   - CPUs  (consensus)
-- Local: gfa       16.000 GB    4 CPUs x   1 job     16.000 GB   4 CPUs  (GFA alignment and processing)
-- WARNING:
-- WARNING:  Option '-pacbio-raw <files>' is deprecated.
-- WARNING:  Use option '-pacbio <files>' in the future.
-- WARNING:
--
-- Found untrimmed raw PacBio CLR reads in the input files.
--
-- Generating assembly 'durioz' in '/domus/h1/mei/genome-analysis/analyses/01_preprocessing/correction_canu':
--    - only correct raw reads.
--
-- Parameters:
--
--  genomeSize        24162007
--
--  Overlap Generation Limits:
--    corOvlErrorRate 0.2400 ( 24.00%)
--    obtOvlErrorRate 0.0450 (  4.50%)
--    utgOvlErrorRate 0.0450 (  4.50%)
--
--  Overlap Processing Limits:
--    corErrorRate    0.3000 ( 30.00%)
--    obtErrorRate    0.0450 (  4.50%)
--    utgErrorRate    0.0450 (  4.50%)
--    cnsErrorRate    0.0750 (  7.50%)
--
--
-- BEGIN CORRECTION
--
----------------------------------------
-- Starting command on Thu Apr 16 00:02:20 2020 with 21526.676 GB free disk space

    cd .
    ./durioz.seqStore.sh \
    > ./durioz.seqStore.err 2>&1

-- Finished on Thu Apr 16 00:03:31 2020 (71 seconds) with 21525.926 GB free disk space
----------------------------------------
----------------------------------------
-- Starting command on Thu Apr 16 00:03:31 2020 with 21525.926 GB free disk space

    cd .
    /sw/bioinfo/canu/2.0/rackham/Linux-amd64/bin/sqStoreDumpMetaData \
      -S ./durioz.seqStore \
      -raw \
      -histogram \
      -lengths \
    > ./durioz.seqStore/readlengths-cor.dat \
    2> ./durioz.seqStore/readlengths-cor.err 
    

-- Finished on Thu Apr 16 00:03:31 2020 (lickety-split) with 21525.924 GB free disk space
----------------------------------------
----------------------------------------
-- Starting command on Thu Apr 16 00:03:32 2020 with 21525.924 GB free disk space

    cd .
    /sw/bioinfo/canu/2.0/rackham/Linux-amd64/bin/sqStoreDumpMetaData \
      -S ./durioz.seqStore \
      -raw \
      -histogram \
    > ./durioz.seqStore/readlengths-cor.txt \
    2> ./durioz.seqStore/readlengths-cor.err 
    

-- Finished on Thu Apr 16 00:03:32 2020 (furiously fast) with 21525.924 GB free disk space
----------------------------------------
--
-- In sequence store './durioz.seqStore':
--   Found 233852 reads.
--   Found 1761712202 bases (72.91 times coverage).
--    
--    G=1761712202                       sum of  ||               length     num
--    NG         length     index       lengths  ||                range    seqs
--    ----- ------------ --------- ------------  ||  ------------------- -------
--    00010        17031      8654    176178533  ||       1000-1936        17877|-----------------------------------------------------------
--    00020        14043     20123    352354510  ||       1937-2873        18585|-------------------------------------------------------------
--    00030        12194     33625    528519280  ||       2874-3810        19330|---------------------------------------------------------------
--    00040        10811     48998    704685310  ||       3811-4747        19259|---------------------------------------------------------------
--    00050         9675     66237    880861919  ||       4748-5684        18569|-------------------------------------------------------------
--    00060         8581     85553   1057032673  ||       5685-6621        17832|-----------------------------------------------------------
--    00070         7402    107602   1233200011  ||       6622-7558        17736|----------------------------------------------------------
--    00080         6014    133858   1409373856  ||       7559-8495        17554|----------------------------------------------------------
--    00090         4289    168120   1585543046  ||       8496-9432        16758|-------------------------------------------------------
--    00100         1000    233851   1761712202  ||       9433-10369       15171|--------------------------------------------------
--    001.000x              233852   1761712202  ||      10370-11306       12418|-----------------------------------------
--                                               ||      11307-12243        9582|--------------------------------
--                                               ||      12244-13180        7519|-------------------------
--                                               ||      13181-14117        5955|--------------------
--                                               ||      14118-15054        4450|---------------
--                                               ||      15055-15991        3504|------------
--                                               ||      15992-16928        2837|----------
--                                               ||      16929-17865        2166|--------
--                                               ||      17866-18802        1644|------
--                                               ||      18803-19739        1278|-----
--                                               ||      19740-20676         981|----
--                                               ||      20677-21613         700|---
--                                               ||      21614-22550         518|--
--                                               ||      22551-23487         375|--
--                                               ||      23488-24424         306|-
--                                               ||      24425-25361         225|-
--                                               ||      25362-26298         165|-
--                                               ||      26299-27235         138|-
--                                               ||      27236-28172         110|-
--                                               ||      28173-29109          69|-
--                                               ||      29110-30046          71|-
--                                               ||      30047-30983          40|-
--                                               ||      30984-31920          40|-
--                                               ||      31921-32857          26|-
--                                               ||      32858-33794          16|-
--                                               ||      33795-34731          14|-
--                                               ||      34732-35668          12|-
--                                               ||      35669-36605           3|-
--                                               ||      36606-37542           6|-
--                                               ||      37543-38479           3|-
--                                               ||      38480-39416           4|-
--                                               ||      39417-40353           2|-
--                                               ||      40354-41290           0|
--                                               ||      41291-42227           0|
--                                               ||      42228-43164           2|-
--                                               ||      43165-44101           1|-
--                                               ||      44102-45038           0|
--                                               ||      45039-45975           0|
--                                               ||      45976-46912           0|
--                                               ||      46913-47849           1|-
--    
-- New report created.
----------------------------------------
-- Starting command on Thu Apr 16 00:03:32 2020 with 21525.924 GB free disk space

    cd correction/0-mercounts
    ./meryl-configure.sh \
    > ./meryl-configure.err 2>&1

-- Finished on Thu Apr 16 00:03:33 2020 (one second) with 21525.924 GB free disk space
----------------------------------------
--  segments   memory batches
--  -------- -------- -------
--        01  4.00 GB       1
--        02  2.00 GB       1
--        04  1.19 GB       1
--        06  0.81 GB       1
--        08  0.62 GB       1
--        12  0.44 GB       1
--        16  0.31 GB       1
--
--  For 233852 reads with 1761712202 bases, limit to 17 batches.
--  Will count kmers using 01 jobs, each using 6 GB and 4 threads.
--
-- Report changed.
-- Finished stage 'merylConfigure', reset canuIteration.
-- No change in report.
--
-- Running jobs.  First attempt out of 2.
----------------------------------------
-- Starting 'meryl' concurrent execution on Thu Apr 16 00:03:33 2020 with 21525.924 GB free disk space (1 processes; 5 concurrently)

    cd correction/0-mercounts
    ./meryl-count.sh 1 > ./meryl-count.000001.out 2>&1

-- Finished on Thu Apr 16 00:09:28 2020 (355 seconds) with 21521.255 GB free disk space
----------------------------------------
-- Found 1 Kmer counting (meryl) outputs.
-- No change in report.
-- Finished stage 'cor-merylCountCheck', reset canuIteration.
-- No change in report.
--
-- Running jobs.  First attempt out of 2.
----------------------------------------
-- Starting 'meryl' concurrent execution on Thu Apr 16 00:09:28 2020 with 21521.255 GB free disk space (1 processes; 5 concurrently)

    cd correction/0-mercounts
    ./meryl-process.sh 1 > ./meryl-process.000001.out 2>&1

-- Finished on Thu Apr 16 00:12:02 2020 (154 seconds) with 21525.133 GB free disk space
----------------------------------------
-- Meryl finished successfully.  Kmer frequency histogram:
--
--  16-mers                                                                                           Fraction
--    Occurrences   NumMers                                                                         Unique Total
--       1-     1         0                                                                        0.0000 0.0000
--       2-     2 111976142 ********************************************************************** 0.4552 0.1613
--       3-     4  70335145 *******************************************                            0.6441 0.2617
--       5-     7  30256714 ******************                                                     0.7987 0.3815
--       8-    11  15252319 *********                                                              0.8850 0.4855
--      12-    16   8173593 *****                                                                  0.9353 0.5770
--      17-    22   3989367 **                                                                     0.9632 0.6493
--      23-    29   2042160 *                                                                      0.9772 0.6992
--      30-    37   1146308                                                                        0.9846 0.7342
--      38-    46    708146                                                                        0.9889 0.7602
--      47-    56    484727                                                                        0.9916 0.7807
--      57-    67    355532                                                                        0.9935 0.7981
--      68-    79    264003                                                                        0.9949 0.8136
--      80-    92    197610                                                                        0.9960 0.8273
--      93-   106    148888                                                                        0.9968 0.8393
--     107-   121    114703                                                                        0.9973 0.8497
--     122-   137     90164                                                                        0.9978 0.8590
--     138-   154     71953                                                                        0.9982 0.8673
--     155-   172     58112                                                                        0.9984 0.8748
--     173-   191     47609                                                                        0.9987 0.8816
--     192-   211     39581                                                                        0.9989 0.8877
--     212-   232     32685                                                                        0.9990 0.8934
--     233-   254     27057                                                                        0.9992 0.8986
--     255-   277     21569                                                                        0.9993 0.9033
--     278-   301     17136                                                                        0.9994 0.9074
--     302-   326     14233                                                                        0.9994 0.9109
--     327-   352     11999                                                                        0.9995 0.9141
--     353-   379     10604                                                                        0.9995 0.9171
--     380-   407      9332                                                                        0.9996 0.9198
--     408-   436      8288                                                                        0.9996 0.9225
--     437-   466      7421                                                                        0.9996 0.9250
--     467-   497      6593                                                                        0.9997 0.9274
--     498-   529      6018                                                                        0.9997 0.9297
--     530-   562      5396                                                                        0.9997 0.9319
--     563-   596      4715                                                                        0.9997 0.9340
--     597-   631      4390                                                                        0.9998 0.9360
--     632-   667      3857                                                                        0.9998 0.9379
--     668-   704      3246                                                                        0.9998 0.9397
--     705-   742      3194                                                                        0.9998 0.9413
--     743-   781      2789                                                                        0.9998 0.9430
--     782-   821      2575                                                                        0.9998 0.9445
--
--           0 (max occurrences)
--  1388336894 (total mers, non-unique)
--   245993316 (distinct mers, non-unique)
--           0 (unique mers)
-- Report changed.
-- Finished stage 'meryl-process', reset canuIteration.
--
-- Removing meryl database 'correction/0-mercounts/durioz.ms16'.
--
-- OVERLAPPER (mhap) (correction)
--
-- Set corMhapSensitivity=low based on read coverage of 72.
--
-- PARAMETERS: hashes=256, minMatches=3, threshold=0.8
--
-- Given 5.4 GB, can fit 16200 reads per block.
-- For 16 blocks, set stride to 4 blocks.
-- Logging partitioning to 'correction/1-overlapper/partitioning.log'.
-- Configured 15 mhap precompute jobs.
-- Configured 33 mhap overlap jobs.
-- No change in report.
-- Finished stage 'cor-mhapConfigure', reset canuIteration.
-- No change in report.
--
-- Running jobs.  First attempt out of 2.
----------------------------------------
-- Starting 'cormhap' concurrent execution on Thu Apr 16 00:12:03 2020 with 21525.123 GB free disk space (15 processes; 2 concurrently)

    cd correction/1-overlapper
    ./precompute.sh 1 > ./precompute.000001.out 2>&1
    ./precompute.sh 2 > ./precompute.000002.out 2>&1
    ./precompute.sh 3 > ./precompute.000003.out 2>&1
    ./precompute.sh 4 > ./precompute.000004.out 2>&1
    ./precompute.sh 5 > ./precompute.000005.out 2>&1
    ./precompute.sh 6 > ./precompute.000006.out 2>&1
    ./precompute.sh 7 > ./precompute.000007.out 2>&1
    ./precompute.sh 8 > ./precompute.000008.out 2>&1
    ./precompute.sh 9 > ./precompute.000009.out 2>&1
    ./precompute.sh 10 > ./precompute.000010.out 2>&1
    ./precompute.sh 11 > ./precompute.000011.out 2>&1
    ./precompute.sh 12 > ./precompute.000012.out 2>&1
    ./precompute.sh 13 > ./precompute.000013.out 2>&1
    ./precompute.sh 14 > ./precompute.000014.out 2>&1
    ./precompute.sh 15 > ./precompute.000015.out 2>&1

-- Finished on Thu Apr 16 06:45:55 2020 (23632 seconds, fashionably late) with 21622.397 GB free disk space
----------------------------------------
-- All 15 mhap precompute jobs finished successfully.
-- No change in report.
-- Finished stage 'cor-mhapPrecomputeCheck', reset canuIteration.
-- No change in report.
--
-- Running jobs.  First attempt out of 2.
----------------------------------------
-- Starting 'cormhap' concurrent execution on Thu Apr 16 06:45:55 2020 with 21622.397 GB free disk space (33 processes; 2 concurrently)

    cd correction/1-overlapper
    ./mhap.sh 1 > ./mhap.000001.out 2>&1
    ./mhap.sh 2 > ./mhap.000002.out 2>&1
    ./mhap.sh 3 > ./mhap.000003.out 2>&1
    ./mhap.sh 4 > ./mhap.000004.out 2>&1
    ./mhap.sh 5 > ./mhap.000005.out 2>&1
    ./mhap.sh 6 > ./mhap.000006.out 2>&1
    ./mhap.sh 7 > ./mhap.000007.out 2>&1
    ./mhap.sh 8 > ./mhap.000008.out 2>&1
    ./mhap.sh 9 > ./mhap.000009.out 2>&1
    ./mhap.sh 10 > ./mhap.000010.out 2>&1
    ./mhap.sh 11 > ./mhap.000011.out 2>&1
    ./mhap.sh 12 > ./mhap.000012.out 2>&1
    ./mhap.sh 13 > ./mhap.000013.out 2>&1
    ./mhap.sh 14 > ./mhap.000014.out 2>&1
    ./mhap.sh 15 > ./mhap.000015.out 2>&1
    ./mhap.sh 16 > ./mhap.000016.out 2>&1
    ./mhap.sh 17 > ./mhap.000017.out 2>&1
    ./mhap.sh 18 > ./mhap.000018.out 2>&1
    ./mhap.sh 19 > ./mhap.000019.out 2>&1
    ./mhap.sh 20 > ./mhap.000020.out 2>&1
    ./mhap.sh 21 > ./mhap.000021.out 2>&1
    ./mhap.sh 22 > ./mhap.000022.out 2>&1
    ./mhap.sh 23 > ./mhap.000023.out 2>&1
    ./mhap.sh 24 > ./mhap.000024.out 2>&1
    ./mhap.sh 25 > ./mhap.000025.out 2>&1
    ./mhap.sh 26 > ./mhap.000026.out 2>&1
    ./mhap.sh 27 > ./mhap.000027.out 2>&1
    ./mhap.sh 28 > ./mhap.000028.out 2>&1
    ./mhap.sh 29 > ./mhap.000029.out 2>&1
    ./mhap.sh 30 > ./mhap.000030.out 2>&1
    ./mhap.sh 31 > ./mhap.000031.out 2>&1
    ./mhap.sh 32 > ./mhap.000032.out 2>&1
    ./mhap.sh 33 > ./mhap.000033.out 2>&1

-- Finished on Thu Apr 16 09:06:14 2020 (8419 seconds) with 21597.814 GB free disk space
----------------------------------------
--
-- Mhap overlap jobs failed, retry.
--   job correction/1-overlapper/results/000001.ovb FAILED.
--   job correction/1-overlapper/results/000002.ovb FAILED.
--   job correction/1-overlapper/results/000003.ovb FAILED.
--   job correction/1-overlapper/results/000005.ovb FAILED.
--   job correction/1-overlapper/results/000009.ovb FAILED.
--   job correction/1-overlapper/results/000010.ovb FAILED.
--   job correction/1-overlapper/results/000012.ovb FAILED.
--   job correction/1-overlapper/results/000015.ovb FAILED.
--   job correction/1-overlapper/results/000018.ovb FAILED.
--   job correction/1-overlapper/results/000021.ovb FAILED.
--   job correction/1-overlapper/results/000022.ovb FAILED.
--   job correction/1-overlapper/results/000025.ovb FAILED.
--   job correction/1-overlapper/results/000029.ovb FAILED.
--
-- No change in report.
--
-- Running jobs.  Second attempt out of 2.
----------------------------------------
-- Starting 'cormhap' concurrent execution on Thu Apr 16 09:06:14 2020 with 21597.813 GB free disk space (13 processes; 2 concurrently)

    cd correction/1-overlapper
    ./mhap.sh 1 > ./mhap.000001.out 2>&1
    ./mhap.sh 2 > ./mhap.000002.out 2>&1
    ./mhap.sh 3 > ./mhap.000003.out 2>&1
    ./mhap.sh 5 > ./mhap.000005.out 2>&1
    ./mhap.sh 9 > ./mhap.000009.out 2>&1
    ./mhap.sh 10 > ./mhap.000010.out 2>&1
    ./mhap.sh 12 > ./mhap.000012.out 2>&1
    ./mhap.sh 15 > ./mhap.000015.out 2>&1
    ./mhap.sh 18 > ./mhap.000018.out 2>&1
    ./mhap.sh 21 > ./mhap.000021.out 2>&1
    ./mhap.sh 22 > ./mhap.000022.out 2>&1
    ./mhap.sh 25 > ./mhap.000025.out 2>&1
    ./mhap.sh 29 > ./mhap.000029.out 2>&1

-- Finished on Thu Apr 16 10:04:22 2020 (3488 seconds) with 21580.983 GB free disk space
----------------------------------------
--
-- Mhap overlap jobs failed, tried 2 times, giving up.
--   job correction/1-overlapper/results/000001.ovb FAILED.
--   job correction/1-overlapper/results/000002.ovb FAILED.
--   job correction/1-overlapper/results/000003.ovb FAILED.
--   job correction/1-overlapper/results/000005.ovb FAILED.
--   job correction/1-overlapper/results/000009.ovb FAILED.
--   job correction/1-overlapper/results/000010.ovb FAILED.
--   job correction/1-overlapper/results/000012.ovb FAILED.
--   job correction/1-overlapper/results/000015.ovb FAILED.
--   job correction/1-overlapper/results/000021.ovb FAILED.
--   job correction/1-overlapper/results/000025.ovb FAILED.
--   job correction/1-overlapper/results/000029.ovb FAILED.
--

ABORT:
ABORT: Canu 2.0
ABORT: Don't panic, but a mostly harmless error occurred and Canu stopped.
ABORT: Try restarting.  If that doesn't work, ask for help.
ABORT:

usage:   canu [-version] [-citation] \
              [-haplotype | -correct | -trim | -assemble | -trim-assemble] \
              [-s <assembly-specifications-file>] \
               -p <assembly-prefix> \
               -d <assembly-directory> \
               genomeSize=<number>[g|m|k] \
              [other-options] \
              [-haplotype{NAME} illumina.fastq.gz] \
              [-corrected] \
              [-trimmed] \
              [-pacbio |
               -nanopore |
               -pacbio-hifi] file1 file2 ...

example: canu -d run1 -p godzilla genomeSize=1g -nanopore-raw reads/*.fasta.gz 


  To restrict canu to only a specific stage, use:
    -haplotype     - generate haplotype-specific reads
    -correct       - generate corrected reads
    -trim          - generate trimmed reads
    -assemble      - generate an assembly
    -trim-assemble - generate trimmed reads and then assemble them

  The assembly is computed in the -d <assembly-directory>, with output files named
  using the -p <assembly-prefix>.  This directory is created if needed.  It is not
  possible to run multiple assemblies in the same directory.

  The genome size should be your best guess of the haploid genome size of what is being
  assembled.  It is used primarily to estimate coverage in reads, NOT as the desired
  assembly size.  Fractional values are allowed: '4.7m' equals '4700k' equals '4700000'

  Some common options:
    useGrid=string
      - Run under grid control (true), locally (false), or set up for grid control
        but don't submit any jobs (remote)
    rawErrorRate=fraction-error
      - The allowed difference in an overlap between two raw uncorrected reads.  For lower
        quality reads, use a higher number.  The defaults are 0.300 for PacBio reads and
        0.500 for Nanopore reads.
    correctedErrorRate=fraction-error
      - The allowed difference in an overlap between two corrected reads.  Assemblies of
        low coverage or data with biological differences will benefit from a slight increase
        in this.  Defaults are 0.045 for PacBio reads and 0.144 for Nanopore reads.
    gridOptions=string
      - Pass string to the command used to submit jobs to the grid.  Can be used to set
        maximum run time limits.  Should NOT be used to set memory limits; Canu will do
        that for you.
    minReadLength=number
      - Ignore reads shorter than 'number' bases long.  Default: 1000.
    minOverlapLength=number
      - Ignore read-to-read overlaps shorter than 'number' bases long.  Default: 500.
  A full list of options can be printed with '-options'.  All options can be supplied in
  an optional sepc file with the -s option.

  For TrioCanu, haplotypes are specified with the -haplotype{NAME} option, with any
  number of haplotype-specific Illumina read files after.  The {NAME} of each haplotype
  is free text (but only letters and numbers, please).  For example:
    -haplotypeNANNY nanny/*gz
    -haplotypeBILLY billy1.fasta.gz billy2.fasta.gz

  Reads can be either FASTA or FASTQ format, uncompressed, or compressed with gz, bz2 or xz.

  Reads are specified by the technology they were generated with, and any processing performed.

  [processing]
    -corrected
    -trimmed

  [technology]
    -pacbio      <files>
    -nanopore    <files>
    -pacbio-hifi <files>

Complete documentation at http://canu.readthedocs.org/en/latest/

ERROR:  Invalid command line option '/home/mei/genome-analysis/analyses/01_preprocessing/correction_canu/durioz.correctedReads.fasta.gz'.  Did you forget quotes around options with spaces?


usage:   canu [-version] [-citation] \
              [-haplotype | -correct | -trim | -assemble | -trim-assemble] \
              [-s <assembly-specifications-file>] \
               -p <assembly-prefix> \
               -d <assembly-directory> \
               genomeSize=<number>[g|m|k] \
              [other-options] \
              [-haplotype{NAME} illumina.fastq.gz] \
              [-corrected] \
              [-trimmed] \
              [-pacbio |
               -nanopore |
               -pacbio-hifi] file1 file2 ...

example: canu -d run1 -p godzilla genomeSize=1g -nanopore-raw reads/*.fasta.gz 


  To restrict canu to only a specific stage, use:
    -haplotype     - generate haplotype-specific reads
    -correct       - generate corrected reads
    -trim          - generate trimmed reads
    -assemble      - generate an assembly
    -trim-assemble - generate trimmed reads and then assemble them

  The assembly is computed in the -d <assembly-directory>, with output files named
  using the -p <assembly-prefix>.  This directory is created if needed.  It is not
  possible to run multiple assemblies in the same directory.

  The genome size should be your best guess of the haploid genome size of what is being
  assembled.  It is used primarily to estimate coverage in reads, NOT as the desired
  assembly size.  Fractional values are allowed: '4.7m' equals '4700k' equals '4700000'

  Some common options:
    useGrid=string
      - Run under grid control (true), locally (false), or set up for grid control
        but don't submit any jobs (remote)
    rawErrorRate=fraction-error
      - The allowed difference in an overlap between two raw uncorrected reads.  For lower
        quality reads, use a higher number.  The defaults are 0.300 for PacBio reads and
        0.500 for Nanopore reads.
    correctedErrorRate=fraction-error
      - The allowed difference in an overlap between two corrected reads.  Assemblies of
        low coverage or data with biological differences will benefit from a slight increase
        in this.  Defaults are 0.045 for PacBio reads and 0.144 for Nanopore reads.
    gridOptions=string
      - Pass string to the command used to submit jobs to the grid.  Can be used to set
        maximum run time limits.  Should NOT be used to set memory limits; Canu will do
        that for you.
    minReadLength=number
      - Ignore reads shorter than 'number' bases long.  Default: 1000.
    minOverlapLength=number
      - Ignore read-to-read overlaps shorter than 'number' bases long.  Default: 500.
  A full list of options can be printed with '-options'.  All options can be supplied in
  an optional sepc file with the -s option.

  For TrioCanu, haplotypes are specified with the -haplotype{NAME} option, with any
  number of haplotype-specific Illumina read files after.  The {NAME} of each haplotype
  is free text (but only letters and numbers, please).  For example:
    -haplotypeNANNY nanny/*gz
    -haplotypeBILLY billy1.fasta.gz billy2.fasta.gz

  Reads can be either FASTA or FASTQ format, uncompressed, or compressed with gz, bz2 or xz.

  Reads are specified by the technology they were generated with, and any processing performed.

  [processing]
    -corrected
    -trimmed

  [technology]
    -pacbio      <files>
    -nanopore    <files>
    -pacbio-hifi <files>

Complete documentation at http://canu.readthedocs.org/en/latest/

ERROR:  Invalid command line option '/home/mei/genome-analysis/analyses/01_preprocessing/correction_canu/durioz.trimmedReads.fasta.gz'.  Did you forget quotes around options with spaces?

Started analysis of SRR6058604_scaffold_10.1P.fastq.gz
Approx 5% complete for SRR6058604_scaffold_10.1P.fastq.gz
Approx 10% complete for SRR6058604_scaffold_10.1P.fastq.gz
Approx 15% complete for SRR6058604_scaffold_10.1P.fastq.gz
Approx 20% complete for SRR6058604_scaffold_10.1P.fastq.gz
Approx 25% complete for SRR6058604_scaffold_10.1P.fastq.gz
Approx 30% complete for SRR6058604_scaffold_10.1P.fastq.gz
Approx 35% complete for SRR6058604_scaffold_10.1P.fastq.gz
Approx 40% complete for SRR6058604_scaffold_10.1P.fastq.gz
Approx 45% complete for SRR6058604_scaffold_10.1P.fastq.gz
Approx 50% complete for SRR6058604_scaffold_10.1P.fastq.gz
Approx 55% complete for SRR6058604_scaffold_10.1P.fastq.gz
Approx 60% complete for SRR6058604_scaffold_10.1P.fastq.gz
Approx 65% complete for SRR6058604_scaffold_10.1P.fastq.gz
Approx 70% complete for SRR6058604_scaffold_10.1P.fastq.gz
Approx 75% complete for SRR6058604_scaffold_10.1P.fastq.gz
Approx 80% complete for SRR6058604_scaffold_10.1P.fastq.gz
Approx 85% complete for SRR6058604_scaffold_10.1P.fastq.gz
Approx 90% complete for SRR6058604_scaffold_10.1P.fastq.gz
Approx 95% complete for SRR6058604_scaffold_10.1P.fastq.gz
Analysis complete for SRR6058604_scaffold_10.1P.fastq.gz
Started analysis of SRR6058604_scaffold_10.2P.fastq.gz
Approx 5% complete for SRR6058604_scaffold_10.2P.fastq.gz
Approx 10% complete for SRR6058604_scaffold_10.2P.fastq.gz
Approx 15% complete for SRR6058604_scaffold_10.2P.fastq.gz
Approx 20% complete for SRR6058604_scaffold_10.2P.fastq.gz
Approx 25% complete for SRR6058604_scaffold_10.2P.fastq.gz
Approx 30% complete for SRR6058604_scaffold_10.2P.fastq.gz
Approx 35% complete for SRR6058604_scaffold_10.2P.fastq.gz
Approx 40% complete for SRR6058604_scaffold_10.2P.fastq.gz
Approx 45% complete for SRR6058604_scaffold_10.2P.fastq.gz
Approx 50% complete for SRR6058604_scaffold_10.2P.fastq.gz
Approx 55% complete for SRR6058604_scaffold_10.2P.fastq.gz
Approx 60% complete for SRR6058604_scaffold_10.2P.fastq.gz
Approx 65% complete for SRR6058604_scaffold_10.2P.fastq.gz
Approx 70% complete for SRR6058604_scaffold_10.2P.fastq.gz
Approx 75% complete for SRR6058604_scaffold_10.2P.fastq.gz
Approx 80% complete for SRR6058604_scaffold_10.2P.fastq.gz
Approx 85% complete for SRR6058604_scaffold_10.2P.fastq.gz
Approx 90% complete for SRR6058604_scaffold_10.2P.fastq.gz
Approx 95% complete for SRR6058604_scaffold_10.2P.fastq.gz
Analysis complete for SRR6058604_scaffold_10.2P.fastq.gz
[bwa_idx_build] fail to open file '/home/mei/genome-analysis/analyses/02*/durioz.contigs.fasta' : No such file or directory
/home/mei/genome-analysis/analyses/scripts/illumina-bwa.sh: line 12: /home/mei/genome-analysis/analyses/01_preprocessing/illumina-bwa/SRR6058604-aln.sam: Not a directory
/home/mei/genome-analysis/analyses/scripts/illumina-bwa.sh: line 17: /home/mei/genome-analysis/analyses/01_preprocessing/illumina-bwa/SRR6058604-aln-sorted.bam: Not a directory
[E::hts_open_format] Failed to open file "/home/mei/genome-analysis/analyses/01_preprocessing/illumina-bwa/SRR6058604-aln.sam" : Not a directory
samtools view: failed to open "/home/mei/genome-analysis/analyses/01_preprocessing/illumina-bwa/SRR6058604-aln.sam" for reading: Not a directory
/home/mei/genome-analysis/analyses/scripts/illumina-bwa.sh: line 21: pilon: command not found
slurmstepd: error: Detected 463 oom-kill event(s) in step 13556310.batch cgroup. Some of your processes may have been killed by the cgroup out-of-memory handler.
